<?xml version="1.0" encoding="UTF-8"?>
<testsuite xmlns:xsi="http://www.w3.org/2001/XMLSchema-instance" xsi:noNamespaceSchemaLocation="https://maven.apache.org/surefire/maven-surefire-plugin/xsd/surefire-test-report.xsd" name="com.example.application.it.LoginE2ETest" time="61.306" tests="2" errors="2" skipped="0" failures="0">
  <properties>
[...]
</properties>
  <testcase name="loginAsInvalidUserFails[1]" classname="com.example.application.it.LoginE2ETest" time="0.005">
    <error message="Could not initialize class com.vaadin.testbench.browser.BrowserExtension" type="java.lang.NoClassDefFoundError">java.lang.NoClassDefFoundError: Could not initialize class com.vaadin.testbench.browser.BrowserExtension
Caused by: java.lang.ExceptionInInitializerError: Exception java.lang.ExceptionInInitializerError [in thread "ForkJoinPool-1-worker-4"]
</error>
    <system-out><![CDATA[10:08:36.215 [ForkJoinPool-1-worker-4] DEBUG oshi.util.FileUtil -- Reading file /proc/self/auxv
10:08:36.216 [ForkJoinPool-1-worker-4] DEBUG oshi.util.FileUtil -- Reading file /proc/self/auxv
10:08:36.218 [ForkJoinPool-1-worker-4] DEBUG oshi.util.FileUtil -- Reading file /proc/stat
10:08:36.226 [ForkJoinPool-1-worker-4] DEBUG oshi.util.FileUtil -- Reading file /sys/devices/system/cpu/cpu0/topology/core_id
10:08:36.227 [ForkJoinPool-1-worker-4] DEBUG oshi.util.FileUtil -- Reading file /sys/devices/system/cpu/cpu0/topology/core_id
10:08:36.227 [ForkJoinPool-1-worker-4] DEBUG oshi.util.FileUtil -- Reading file /sys/devices/system/cpu/cpu0/topology/physical_package_id
10:08:36.227 [ForkJoinPool-1-worker-4] DEBUG oshi.util.FileUtil -- Reading file /sys/devices/system/cpu/cpu0/topology/physical_package_id
10:08:36.227 [ForkJoinPool-1-worker-4] DEBUG oshi.util.FileUtil -- Reading file /sys/devices/system/cpu/cpu0/cpu_capacity
10:08:36.229 [ForkJoinPool-1-worker-4] DEBUG oshi.util.FileUtil -- Reading file /sys/devices/system/cpu/cpu0/cache/index2/level
10:08:36.229 [ForkJoinPool-1-worker-4] DEBUG oshi.util.FileUtil -- Reading file /sys/devices/system/cpu/cpu0/cache/index2/level
10:08:36.229 [ForkJoinPool-1-worker-4] DEBUG oshi.util.FileUtil -- Reading file /sys/devices/system/cpu/cpu0/cache/index2/type
10:08:36.229 [ForkJoinPool-1-worker-4] DEBUG oshi.util.FileUtil -- Reading file /sys/devices/system/cpu/cpu0/cache/index2/type
10:08:36.229 [ForkJoinPool-1-worker-4] DEBUG oshi.util.FileUtil -- Reading file /sys/devices/system/cpu/cpu0/cache/index2/ways_of_associativity
10:08:36.229 [ForkJoinPool-1-worker-4] DEBUG oshi.util.FileUtil -- Reading file /sys/devices/system/cpu/cpu0/cache/index2/ways_of_associativity
10:08:36.230 [ForkJoinPool-1-worker-4] DEBUG oshi.util.FileUtil -- Reading file /sys/devices/system/cpu/cpu0/cache/index2/coherency_line_size
10:08:36.230 [ForkJoinPool-1-worker-4] DEBUG oshi.util.FileUtil -- Reading file /sys/devices/system/cpu/cpu0/cache/index2/coherency_line_size
10:08:36.230 [ForkJoinPool-1-worker-4] DEBUG oshi.util.FileUtil -- Reading file /sys/devices/system/cpu/cpu0/cache/index2/size
10:08:36.230 [ForkJoinPool-1-worker-4] DEBUG oshi.util.FileUtil -- Reading file /sys/devices/system/cpu/cpu0/cache/index2/size
10:08:36.231 [ForkJoinPool-1-worker-4] DEBUG oshi.util.FileUtil -- Reading file /sys/devices/system/cpu/cpu0/cache/index0/level
10:08:36.231 [ForkJoinPool-1-worker-4] DEBUG oshi.util.FileUtil -- Reading file /sys/devices/system/cpu/cpu0/cache/index0/level
10:08:36.231 [ForkJoinPool-1-worker-4] DEBUG oshi.util.FileUtil -- Reading file /sys/devices/system/cpu/cpu0/cache/index0/type
10:08:36.231 [ForkJoinPool-1-worker-4] DEBUG oshi.util.FileUtil -- Reading file /sys/devices/system/cpu/cpu0/cache/index0/type
10:08:36.231 [ForkJoinPool-1-worker-4] DEBUG oshi.util.FileUtil -- Reading file /sys/devices/system/cpu/cpu0/cache/index0/ways_of_associativity
10:08:36.231 [ForkJoinPool-1-worker-4] DEBUG oshi.util.FileUtil -- Reading file /sys/devices/system/cpu/cpu0/cache/index0/ways_of_associativity
10:08:36.232 [ForkJoinPool-1-worker-4] DEBUG oshi.util.FileUtil -- Reading file /sys/devices/system/cpu/cpu0/cache/index0/coherency_line_size
10:08:36.232 [ForkJoinPool-1-worker-4] DEBUG oshi.util.FileUtil -- Reading file /sys/devices/system/cpu/cpu0/cache/index0/coherency_line_size
10:08:36.232 [ForkJoinPool-1-worker-4] DEBUG oshi.util.FileUtil -- Reading file /sys/devices/system/cpu/cpu0/cache/index0/size
10:08:36.232 [ForkJoinPool-1-worker-4] DEBUG oshi.util.FileUtil -- Reading file /sys/devices/system/cpu/cpu0/cache/index0/size
10:08:36.232 [ForkJoinPool-1-worker-4] DEBUG oshi.util.FileUtil -- Reading file /sys/devices/system/cpu/cpu0/cache/index3/level
10:08:36.232 [ForkJoinPool-1-worker-4] DEBUG oshi.util.FileUtil -- Reading file /sys/devices/system/cpu/cpu0/cache/index3/level
10:08:36.233 [ForkJoinPool-1-worker-4] DEBUG oshi.util.FileUtil -- Reading file /sys/devices/system/cpu/cpu0/cache/index3/type
10:08:36.233 [ForkJoinPool-1-worker-4] DEBUG oshi.util.FileUtil -- Reading file /sys/devices/system/cpu/cpu0/cache/index3/type
10:08:36.233 [ForkJoinPool-1-worker-4] DEBUG oshi.util.FileUtil -- Reading file /sys/devices/system/cpu/cpu0/cache/index3/ways_of_associativity
10:08:36.233 [ForkJoinPool-1-worker-4] DEBUG oshi.util.FileUtil -- Reading file /sys/devices/system/cpu/cpu0/cache/index3/ways_of_associativity
10:08:36.233 [ForkJoinPool-1-worker-4] DEBUG oshi.util.FileUtil -- Reading file /sys/devices/system/cpu/cpu0/cache/index3/coherency_line_size
10:08:36.233 [ForkJoinPool-1-worker-4] DEBUG oshi.util.FileUtil -- Reading file /sys/devices/system/cpu/cpu0/cache/index3/coherency_line_size
10:08:36.234 [ForkJoinPool-1-worker-4] DEBUG oshi.util.FileUtil -- Reading file /sys/devices/system/cpu/cpu0/cache/index3/size
10:08:36.234 [ForkJoinPool-1-worker-4] DEBUG oshi.util.FileUtil -- Reading file /sys/devices/system/cpu/cpu0/cache/index3/size
10:08:36.234 [ForkJoinPool-1-worker-4] DEBUG oshi.util.FileUtil -- Reading file /sys/devices/system/cpu/cpu0/cache/index1/level
10:08:36.234 [ForkJoinPool-1-worker-4] DEBUG oshi.util.FileUtil -- Reading file /sys/devices/system/cpu/cpu0/cache/index1/level
10:08:36.234 [ForkJoinPool-1-worker-4] DEBUG oshi.util.FileUtil -- Reading file /sys/devices/system/cpu/cpu0/cache/index1/type
10:08:36.234 [ForkJoinPool-1-worker-4] DEBUG oshi.util.FileUtil -- Reading file /sys/devices/system/cpu/cpu0/cache/index1/type
10:08:36.235 [ForkJoinPool-1-worker-4] DEBUG oshi.util.FileUtil -- Reading file /sys/devices/system/cpu/cpu0/cache/index1/ways_of_associativity
10:08:36.235 [ForkJoinPool-1-worker-4] DEBUG oshi.util.FileUtil -- Reading file /sys/devices/system/cpu/cpu0/cache/index1/ways_of_associativity
10:08:36.236 [ForkJoinPool-1-worker-4] DEBUG oshi.util.FileUtil -- Reading file /sys/devices/system/cpu/cpu0/cache/index1/coherency_line_size
10:08:36.236 [ForkJoinPool-1-worker-4] DEBUG oshi.util.FileUtil -- Reading file /sys/devices/system/cpu/cpu0/cache/index1/coherency_line_size
10:08:36.236 [ForkJoinPool-1-worker-4] DEBUG oshi.util.FileUtil -- Reading file /sys/devices/system/cpu/cpu0/cache/index1/size
10:08:36.236 [ForkJoinPool-1-worker-4] DEBUG oshi.util.FileUtil -- Reading file /sys/devices/system/cpu/cpu0/cache/index1/size
10:08:36.237 [ForkJoinPool-1-worker-4] DEBUG oshi.util.FileUtil -- Reading file /sys/devices/system/cpu/cpu1/topology/core_id
10:08:36.238 [ForkJoinPool-1-worker-4] DEBUG oshi.util.FileUtil -- Reading file /sys/devices/system/cpu/cpu1/topology/core_id
10:08:36.238 [ForkJoinPool-1-worker-4] DEBUG oshi.util.FileUtil -- Reading file /sys/devices/system/cpu/cpu1/topology/physical_package_id
10:08:36.238 [ForkJoinPool-1-worker-4] DEBUG oshi.util.FileUtil -- Reading file /sys/devices/system/cpu/cpu1/topology/physical_package_id
10:08:36.238 [ForkJoinPool-1-worker-4] DEBUG oshi.util.FileUtil -- Reading file /sys/devices/system/cpu/cpu1/cpu_capacity
10:08:36.238 [ForkJoinPool-1-worker-4] DEBUG oshi.util.FileUtil -- Reading file /sys/devices/system/cpu/cpu1/cache/index2/level
10:08:36.238 [ForkJoinPool-1-worker-4] DEBUG oshi.util.FileUtil -- Reading file /sys/devices/system/cpu/cpu1/cache/index2/level
10:08:36.238 [ForkJoinPool-1-worker-4] DEBUG oshi.util.FileUtil -- Reading file /sys/devices/system/cpu/cpu1/cache/index2/type
10:08:36.239 [ForkJoinPool-1-worker-4] DEBUG oshi.util.FileUtil -- Reading file /sys/devices/system/cpu/cpu1/cache/index2/type
10:08:36.239 [ForkJoinPool-1-worker-4] DEBUG oshi.util.FileUtil -- Reading file /sys/devices/system/cpu/cpu1/cache/index2/ways_of_associativity
10:08:36.239 [ForkJoinPool-1-worker-4] DEBUG oshi.util.FileUtil -- Reading file /sys/devices/system/cpu/cpu1/cache/index2/ways_of_associativity
10:08:36.239 [ForkJoinPool-1-worker-4] DEBUG oshi.util.FileUtil -- Reading file /sys/devices/system/cpu/cpu1/cache/index2/coherency_line_size
10:08:36.239 [ForkJoinPool-1-worker-4] DEBUG oshi.util.FileUtil -- Reading file /sys/devices/system/cpu/cpu1/cache/index2/coherency_line_size
10:08:36.239 [ForkJoinPool-1-worker-4] DEBUG oshi.util.FileUtil -- Reading file /sys/devices/system/cpu/cpu1/cache/index2/size
10:08:36.239 [ForkJoinPool-1-worker-4] DEBUG oshi.util.FileUtil -- Reading file /sys/devices/system/cpu/cpu1/cache/index2/size
10:08:36.239 [ForkJoinPool-1-worker-4] DEBUG oshi.util.FileUtil -- Reading file /sys/devices/system/cpu/cpu1/cache/index0/level
10:08:36.240 [ForkJoinPool-1-worker-4] DEBUG oshi.util.FileUtil -- Reading file /sys/devices/system/cpu/cpu1/cache/index0/level
10:08:36.240 [ForkJoinPool-1-worker-4] DEBUG oshi.util.FileUtil -- Reading file /sys/devices/system/cpu/cpu1/cache/index0/type
10:08:36.240 [ForkJoinPool-1-worker-4] DEBUG oshi.util.FileUtil -- Reading file /sys/devices/system/cpu/cpu1/cache/index0/type
10:08:36.240 [ForkJoinPool-1-worker-4] DEBUG oshi.util.FileUtil -- Reading file /sys/devices/system/cpu/cpu1/cache/index0/ways_of_associativity
10:08:36.240 [ForkJoinPool-1-worker-4] DEBUG oshi.util.FileUtil -- Reading file /sys/devices/system/cpu/cpu1/cache/index0/ways_of_associativity
10:08:36.240 [ForkJoinPool-1-worker-4] DEBUG oshi.util.FileUtil -- Reading file /sys/devices/system/cpu/cpu1/cache/index0/coherency_line_size
10:08:36.240 [ForkJoinPool-1-worker-4] DEBUG oshi.util.FileUtil -- Reading file /sys/devices/system/cpu/cpu1/cache/index0/coherency_line_size
10:08:36.240 [ForkJoinPool-1-worker-4] DEBUG oshi.util.FileUtil -- Reading file /sys/devices/system/cpu/cpu1/cache/index0/size
10:08:36.240 [ForkJoinPool-1-worker-4] DEBUG oshi.util.FileUtil -- Reading file /sys/devices/system/cpu/cpu1/cache/index0/size
10:08:36.241 [ForkJoinPool-1-worker-4] DEBUG oshi.util.FileUtil -- Reading file /sys/devices/system/cpu/cpu1/cache/index3/level
10:08:36.241 [ForkJoinPool-1-worker-4] DEBUG oshi.util.FileUtil -- Reading file /sys/devices/system/cpu/cpu1/cache/index3/level
10:08:36.241 [ForkJoinPool-1-worker-4] DEBUG oshi.util.FileUtil -- Reading file /sys/devices/system/cpu/cpu1/cache/index3/type
10:08:36.241 [ForkJoinPool-1-worker-4] DEBUG oshi.util.FileUtil -- Reading file /sys/devices/system/cpu/cpu1/cache/index3/type
10:08:36.241 [ForkJoinPool-1-worker-4] DEBUG oshi.util.FileUtil -- Reading file /sys/devices/system/cpu/cpu1/cache/index3/ways_of_associativity
10:08:36.241 [ForkJoinPool-1-worker-4] DEBUG oshi.util.FileUtil -- Reading file /sys/devices/system/cpu/cpu1/cache/index3/ways_of_associativity
10:08:36.241 [ForkJoinPool-1-worker-4] DEBUG oshi.util.FileUtil -- Reading file /sys/devices/system/cpu/cpu1/cache/index3/coherency_line_size
10:08:36.241 [ForkJoinPool-1-worker-4] DEBUG oshi.util.FileUtil -- Reading file /sys/devices/system/cpu/cpu1/cache/index3/coherency_line_size
10:08:36.241 [ForkJoinPool-1-worker-4] DEBUG oshi.util.FileUtil -- Reading file /sys/devices/system/cpu/cpu1/cache/index3/size
10:08:36.241 [ForkJoinPool-1-worker-4] DEBUG oshi.util.FileUtil -- Reading file /sys/devices/system/cpu/cpu1/cache/index3/size
10:08:36.242 [ForkJoinPool-1-worker-4] DEBUG oshi.util.FileUtil -- Reading file /sys/devices/system/cpu/cpu1/cache/index1/level
10:08:36.242 [ForkJoinPool-1-worker-4] DEBUG oshi.util.FileUtil -- Reading file /sys/devices/system/cpu/cpu1/cache/index1/level
10:08:36.242 [ForkJoinPool-1-worker-4] DEBUG oshi.util.FileUtil -- Reading file /sys/devices/system/cpu/cpu1/cache/index1/type
10:08:36.242 [ForkJoinPool-1-worker-4] DEBUG oshi.util.FileUtil -- Reading file /sys/devices/system/cpu/cpu1/cache/index1/type
10:08:36.242 [ForkJoinPool-1-worker-4] DEBUG oshi.util.FileUtil -- Reading file /sys/devices/system/cpu/cpu1/cache/index1/ways_of_associativity
10:08:36.242 [ForkJoinPool-1-worker-4] DEBUG oshi.util.FileUtil -- Reading file /sys/devices/system/cpu/cpu1/cache/index1/ways_of_associativity
10:08:36.242 [ForkJoinPool-1-worker-4] DEBUG oshi.util.FileUtil -- Reading file /sys/devices/system/cpu/cpu1/cache/index1/coherency_line_size
10:08:36.242 [ForkJoinPool-1-worker-4] DEBUG oshi.util.FileUtil -- Reading file /sys/devices/system/cpu/cpu1/cache/index1/coherency_line_size
10:08:36.242 [ForkJoinPool-1-worker-4] DEBUG oshi.util.FileUtil -- Reading file /sys/devices/system/cpu/cpu1/cache/index1/size
10:08:36.242 [ForkJoinPool-1-worker-4] DEBUG oshi.util.FileUtil -- Reading file /sys/devices/system/cpu/cpu1/cache/index1/size
10:08:36.243 [ForkJoinPool-1-worker-4] DEBUG oshi.util.FileUtil -- Reading file /sys/devices/system/cpu/cpu10/topology/core_id
10:08:36.243 [ForkJoinPool-1-worker-4] DEBUG oshi.util.FileUtil -- Reading file /sys/devices/system/cpu/cpu10/topology/core_id
10:08:36.243 [ForkJoinPool-1-worker-4] DEBUG oshi.util.FileUtil -- Reading file /sys/devices/system/cpu/cpu10/topology/physical_package_id
10:08:36.243 [ForkJoinPool-1-worker-4] DEBUG oshi.util.FileUtil -- Reading file /sys/devices/system/cpu/cpu10/topology/physical_package_id
10:08:36.243 [ForkJoinPool-1-worker-4] DEBUG oshi.util.FileUtil -- Reading file /sys/devices/system/cpu/cpu10/cpu_capacity
10:08:36.244 [ForkJoinPool-1-worker-4] DEBUG oshi.util.FileUtil -- Reading file /sys/devices/system/cpu/cpu10/cache/index2/level
10:08:36.244 [ForkJoinPool-1-worker-4] DEBUG oshi.util.FileUtil -- Reading file /sys/devices/system/cpu/cpu10/cache/index2/level
10:08:36.244 [ForkJoinPool-1-worker-4] DEBUG oshi.util.FileUtil -- Reading file /sys/devices/system/cpu/cpu10/cache/index2/type
10:08:36.244 [ForkJoinPool-1-worker-4] DEBUG oshi.util.FileUtil -- Reading file /sys/devices/system/cpu/cpu10/cache/index2/type
10:08:36.244 [ForkJoinPool-1-worker-4] DEBUG oshi.util.FileUtil -- Reading file /sys/devices/system/cpu/cpu10/cache/index2/ways_of_associativity
10:08:36.244 [ForkJoinPool-1-worker-4] DEBUG oshi.util.FileUtil -- Reading file /sys/devices/system/cpu/cpu10/cache/index2/ways_of_associativity
10:08:36.244 [ForkJoinPool-1-worker-4] DEBUG oshi.util.FileUtil -- Reading file /sys/devices/system/cpu/cpu10/cache/index2/coherency_line_size
10:08:36.244 [ForkJoinPool-1-worker-4] DEBUG oshi.util.FileUtil -- Reading file /sys/devices/system/cpu/cpu10/cache/index2/coherency_line_size
10:08:36.244 [ForkJoinPool-1-worker-4] DEBUG oshi.util.FileUtil -- Reading file /sys/devices/system/cpu/cpu10/cache/index2/size
10:08:36.244 [ForkJoinPool-1-worker-4] DEBUG oshi.util.FileUtil -- Reading file /sys/devices/system/cpu/cpu10/cache/index2/size
10:08:36.245 [ForkJoinPool-1-worker-4] DEBUG oshi.util.FileUtil -- Reading file /sys/devices/system/cpu/cpu10/cache/index0/level
10:08:36.245 [ForkJoinPool-1-worker-4] DEBUG oshi.util.FileUtil -- Reading file /sys/devices/system/cpu/cpu10/cache/index0/level
10:08:36.245 [ForkJoinPool-1-worker-4] DEBUG oshi.util.FileUtil -- Reading file /sys/devices/system/cpu/cpu10/cache/index0/type
10:08:36.245 [ForkJoinPool-1-worker-4] DEBUG oshi.util.FileUtil -- Reading file /sys/devices/system/cpu/cpu10/cache/index0/type
10:08:36.245 [ForkJoinPool-1-worker-4] DEBUG oshi.util.FileUtil -- Reading file /sys/devices/system/cpu/cpu10/cache/index0/ways_of_associativity
10:08:36.245 [ForkJoinPool-1-worker-4] DEBUG oshi.util.FileUtil -- Reading file /sys/devices/system/cpu/cpu10/cache/index0/ways_of_associativity
10:08:36.245 [ForkJoinPool-1-worker-4] DEBUG oshi.util.FileUtil -- Reading file /sys/devices/system/cpu/cpu10/cache/index0/coherency_line_size
10:08:36.245 [ForkJoinPool-1-worker-4] DEBUG oshi.util.FileUtil -- Reading file /sys/devices/system/cpu/cpu10/cache/index0/coherency_line_size
10:08:36.245 [ForkJoinPool-1-worker-4] DEBUG oshi.util.FileUtil -- Reading file /sys/devices/system/cpu/cpu10/cache/index0/size
10:08:36.245 [ForkJoinPool-1-worker-4] DEBUG oshi.util.FileUtil -- Reading file /sys/devices/system/cpu/cpu10/cache/index0/size
10:08:36.245 [ForkJoinPool-1-worker-4] DEBUG oshi.util.FileUtil -- Reading file /sys/devices/system/cpu/cpu10/cache/index3/level
10:08:36.245 [ForkJoinPool-1-worker-4] DEBUG oshi.util.FileUtil -- Reading file /sys/devices/system/cpu/cpu10/cache/index3/level
10:08:36.246 [ForkJoinPool-1-worker-4] DEBUG oshi.util.FileUtil -- Reading file /sys/devices/system/cpu/cpu10/cache/index3/type
10:08:36.246 [ForkJoinPool-1-worker-4] DEBUG oshi.util.FileUtil -- Reading file /sys/devices/system/cpu/cpu10/cache/index3/type
10:08:36.246 [ForkJoinPool-1-worker-4] DEBUG oshi.util.FileUtil -- Reading file /sys/devices/system/cpu/cpu10/cache/index3/ways_of_associativity
10:08:36.246 [ForkJoinPool-1-worker-4] DEBUG oshi.util.FileUtil -- Reading file /sys/devices/system/cpu/cpu10/cache/index3/ways_of_associativity
10:08:36.246 [ForkJoinPool-1-worker-4] DEBUG oshi.util.FileUtil -- Reading file /sys/devices/system/cpu/cpu10/cache/index3/coherency_line_size
10:08:36.246 [ForkJoinPool-1-worker-4] DEBUG oshi.util.FileUtil -- Reading file /sys/devices/system/cpu/cpu10/cache/index3/coherency_line_size
10:08:36.246 [ForkJoinPool-1-worker-4] DEBUG oshi.util.FileUtil -- Reading file /sys/devices/system/cpu/cpu10/cache/index3/size
10:08:36.246 [ForkJoinPool-1-worker-4] DEBUG oshi.util.FileUtil -- Reading file /sys/devices/system/cpu/cpu10/cache/index3/size
10:08:36.246 [ForkJoinPool-1-worker-4] DEBUG oshi.util.FileUtil -- Reading file /sys/devices/system/cpu/cpu10/cache/index1/level
10:08:36.246 [ForkJoinPool-1-worker-4] DEBUG oshi.util.FileUtil -- Reading file /sys/devices/system/cpu/cpu10/cache/index1/level
10:08:36.247 [ForkJoinPool-1-worker-4] DEBUG oshi.util.FileUtil -- Reading file /sys/devices/system/cpu/cpu10/cache/index1/type
10:08:36.247 [ForkJoinPool-1-worker-4] DEBUG oshi.util.FileUtil -- Reading file /sys/devices/system/cpu/cpu10/cache/index1/type
10:08:36.247 [ForkJoinPool-1-worker-4] DEBUG oshi.util.FileUtil -- Reading file /sys/devices/system/cpu/cpu10/cache/index1/ways_of_associativity
10:08:36.247 [ForkJoinPool-1-worker-4] DEBUG oshi.util.FileUtil -- Reading file /sys/devices/system/cpu/cpu10/cache/index1/ways_of_associativity
10:08:36.247 [ForkJoinPool-1-worker-4] DEBUG oshi.util.FileUtil -- Reading file /sys/devices/system/cpu/cpu10/cache/index1/coherency_line_size
10:08:36.247 [ForkJoinPool-1-worker-4] DEBUG oshi.util.FileUtil -- Reading file /sys/devices/system/cpu/cpu10/cache/index1/coherency_line_size
10:08:36.247 [ForkJoinPool-1-worker-4] DEBUG oshi.util.FileUtil -- Reading file /sys/devices/system/cpu/cpu10/cache/index1/size
10:08:36.247 [ForkJoinPool-1-worker-4] DEBUG oshi.util.FileUtil -- Reading file /sys/devices/system/cpu/cpu10/cache/index1/size
10:08:36.247 [ForkJoinPool-1-worker-4] DEBUG oshi.util.FileUtil -- Reading file /sys/devices/system/cpu/cpu11/topology/core_id
10:08:36.248 [ForkJoinPool-1-worker-4] DEBUG oshi.util.FileUtil -- Reading file /sys/devices/system/cpu/cpu11/topology/core_id
10:08:36.248 [ForkJoinPool-1-worker-4] DEBUG oshi.util.FileUtil -- Reading file /sys/devices/system/cpu/cpu11/topology/physical_package_id
10:08:36.248 [ForkJoinPool-1-worker-4] DEBUG oshi.util.FileUtil -- Reading file /sys/devices/system/cpu/cpu11/topology/physical_package_id
10:08:36.248 [ForkJoinPool-1-worker-4] DEBUG oshi.util.FileUtil -- Reading file /sys/devices/system/cpu/cpu11/cpu_capacity
10:08:36.248 [ForkJoinPool-1-worker-4] DEBUG oshi.util.FileUtil -- Reading file /sys/devices/system/cpu/cpu11/cache/index2/level
10:08:36.248 [ForkJoinPool-1-worker-4] DEBUG oshi.util.FileUtil -- Reading file /sys/devices/system/cpu/cpu11/cache/index2/level
10:08:36.248 [ForkJoinPool-1-worker-4] DEBUG oshi.util.FileUtil -- Reading file /sys/devices/system/cpu/cpu11/cache/index2/type
10:08:36.248 [ForkJoinPool-1-worker-4] DEBUG oshi.util.FileUtil -- Reading file /sys/devices/system/cpu/cpu11/cache/index2/type
10:08:36.248 [ForkJoinPool-1-worker-4] DEBUG oshi.util.FileUtil -- Reading file /sys/devices/system/cpu/cpu11/cache/index2/ways_of_associativity
10:08:36.248 [ForkJoinPool-1-worker-4] DEBUG oshi.util.FileUtil -- Reading file /sys/devices/system/cpu/cpu11/cache/index2/ways_of_associativity
10:08:36.248 [ForkJoinPool-1-worker-4] DEBUG oshi.util.FileUtil -- Reading file /sys/devices/system/cpu/cpu11/cache/index2/coherency_line_size
10:08:36.248 [ForkJoinPool-1-worker-4] DEBUG oshi.util.FileUtil -- Reading file /sys/devices/system/cpu/cpu11/cache/index2/coherency_line_size
10:08:36.248 [ForkJoinPool-1-worker-4] DEBUG oshi.util.FileUtil -- Reading file /sys/devices/system/cpu/cpu11/cache/index2/size
10:08:36.249 [ForkJoinPool-1-worker-4] DEBUG oshi.util.FileUtil -- Reading file /sys/devices/system/cpu/cpu11/cache/index2/size
10:08:36.249 [ForkJoinPool-1-worker-4] DEBUG oshi.util.FileUtil -- Reading file /sys/devices/system/cpu/cpu11/cache/index0/level
10:08:36.249 [ForkJoinPool-1-worker-4] DEBUG oshi.util.FileUtil -- Reading file /sys/devices/system/cpu/cpu11/cache/index0/level
10:08:36.249 [ForkJoinPool-1-worker-4] DEBUG oshi.util.FileUtil -- Reading file /sys/devices/system/cpu/cpu11/cache/index0/type
10:08:36.249 [ForkJoinPool-1-worker-4] DEBUG oshi.util.FileUtil -- Reading file /sys/devices/system/cpu/cpu11/cache/index0/type
10:08:36.249 [ForkJoinPool-1-worker-4] DEBUG oshi.util.FileUtil -- Reading file /sys/devices/system/cpu/cpu11/cache/index0/ways_of_associativity
10:08:36.249 [ForkJoinPool-1-worker-4] DEBUG oshi.util.FileUtil -- Reading file /sys/devices/system/cpu/cpu11/cache/index0/ways_of_associativity
10:08:36.249 [ForkJoinPool-1-worker-4] DEBUG oshi.util.FileUtil -- Reading file /sys/devices/system/cpu/cpu11/cache/index0/coherency_line_size
10:08:36.249 [ForkJoinPool-1-worker-4] DEBUG oshi.util.FileUtil -- Reading file /sys/devices/system/cpu/cpu11/cache/index0/coherency_line_size
10:08:36.249 [ForkJoinPool-1-worker-4] DEBUG oshi.util.FileUtil -- Reading file /sys/devices/system/cpu/cpu11/cache/index0/size
10:08:36.249 [ForkJoinPool-1-worker-4] DEBUG oshi.util.FileUtil -- Reading file /sys/devices/system/cpu/cpu11/cache/index0/size
10:08:36.249 [ForkJoinPool-1-worker-4] DEBUG oshi.util.FileUtil -- Reading file /sys/devices/system/cpu/cpu11/cache/index3/level
10:08:36.249 [ForkJoinPool-1-worker-4] DEBUG oshi.util.FileUtil -- Reading file /sys/devices/system/cpu/cpu11/cache/index3/level
10:08:36.250 [ForkJoinPool-1-worker-4] DEBUG oshi.util.FileUtil -- Reading file /sys/devices/system/cpu/cpu11/cache/index3/type
10:08:36.250 [ForkJoinPool-1-worker-4] DEBUG oshi.util.FileUtil -- Reading file /sys/devices/system/cpu/cpu11/cache/index3/type
10:08:36.250 [ForkJoinPool-1-worker-4] DEBUG oshi.util.FileUtil -- Reading file /sys/devices/system/cpu/cpu11/cache/index3/ways_of_associativity
10:08:36.250 [ForkJoinPool-1-worker-4] DEBUG oshi.util.FileUtil -- Reading file /sys/devices/system/cpu/cpu11/cache/index3/ways_of_associativity
10:08:36.250 [ForkJoinPool-1-worker-4] DEBUG oshi.util.FileUtil -- Reading file /sys/devices/system/cpu/cpu11/cache/index3/coherency_line_size
10:08:36.250 [ForkJoinPool-1-worker-4] DEBUG oshi.util.FileUtil -- Reading file /sys/devices/system/cpu/cpu11/cache/index3/coherency_line_size
10:08:36.250 [ForkJoinPool-1-worker-4] DEBUG oshi.util.FileUtil -- Reading file /sys/devices/system/cpu/cpu11/cache/index3/size
10:08:36.250 [ForkJoinPool-1-worker-4] DEBUG oshi.util.FileUtil -- Reading file /sys/devices/system/cpu/cpu11/cache/index3/size
10:08:36.251 [ForkJoinPool-1-worker-4] DEBUG oshi.util.FileUtil -- Reading file /sys/devices/system/cpu/cpu11/cache/index1/level
10:08:36.251 [ForkJoinPool-1-worker-4] DEBUG oshi.util.FileUtil -- Reading file /sys/devices/system/cpu/cpu11/cache/index1/level
10:08:36.251 [ForkJoinPool-1-worker-4] DEBUG oshi.util.FileUtil -- Reading file /sys/devices/system/cpu/cpu11/cache/index1/type
10:08:36.251 [ForkJoinPool-1-worker-4] DEBUG oshi.util.FileUtil -- Reading file /sys/devices/system/cpu/cpu11/cache/index1/type
10:08:36.251 [ForkJoinPool-1-worker-4] DEBUG oshi.util.FileUtil -- Reading file /sys/devices/system/cpu/cpu11/cache/index1/ways_of_associativity
10:08:36.251 [ForkJoinPool-1-worker-4] DEBUG oshi.util.FileUtil -- Reading file /sys/devices/system/cpu/cpu11/cache/index1/ways_of_associativity
10:08:36.251 [ForkJoinPool-1-worker-4] DEBUG oshi.util.FileUtil -- Reading file /sys/devices/system/cpu/cpu11/cache/index1/coherency_line_size
10:08:36.251 [ForkJoinPool-1-worker-4] DEBUG oshi.util.FileUtil -- Reading file /sys/devices/system/cpu/cpu11/cache/index1/coherency_line_size
10:08:36.251 [ForkJoinPool-1-worker-4] DEBUG oshi.util.FileUtil -- Reading file /sys/devices/system/cpu/cpu11/cache/index1/size
10:08:36.251 [ForkJoinPool-1-worker-4] DEBUG oshi.util.FileUtil -- Reading file /sys/devices/system/cpu/cpu11/cache/index1/size
10:08:36.252 [ForkJoinPool-1-worker-4] DEBUG oshi.util.FileUtil -- Reading file /sys/devices/system/cpu/cpu12/topology/core_id
10:08:36.252 [ForkJoinPool-1-worker-4] DEBUG oshi.util.FileUtil -- Reading file /sys/devices/system/cpu/cpu12/topology/core_id
10:08:36.252 [ForkJoinPool-1-worker-4] DEBUG oshi.util.FileUtil -- Reading file /sys/devices/system/cpu/cpu12/topology/physical_package_id
10:08:36.252 [ForkJoinPool-1-worker-4] DEBUG oshi.util.FileUtil -- Reading file /sys/devices/system/cpu/cpu12/topology/physical_package_id
10:08:36.252 [ForkJoinPool-1-worker-4] DEBUG oshi.util.FileUtil -- Reading file /sys/devices/system/cpu/cpu12/cpu_capacity
10:08:36.252 [ForkJoinPool-1-worker-4] DEBUG oshi.util.FileUtil -- Reading file /sys/devices/system/cpu/cpu12/cache/index2/level
10:08:36.252 [ForkJoinPool-1-worker-4] DEBUG oshi.util.FileUtil -- Reading file /sys/devices/system/cpu/cpu12/cache/index2/level
10:08:36.252 [ForkJoinPool-1-worker-4] DEBUG oshi.util.FileUtil -- Reading file /sys/devices/system/cpu/cpu12/cache/index2/type
10:08:36.252 [ForkJoinPool-1-worker-4] DEBUG oshi.util.FileUtil -- Reading file /sys/devices/system/cpu/cpu12/cache/index2/type
10:08:36.252 [ForkJoinPool-1-worker-4] DEBUG oshi.util.FileUtil -- Reading file /sys/devices/system/cpu/cpu12/cache/index2/ways_of_associativity
10:08:36.252 [ForkJoinPool-1-worker-4] DEBUG oshi.util.FileUtil -- Reading file /sys/devices/system/cpu/cpu12/cache/index2/ways_of_associativity
10:08:36.252 [ForkJoinPool-1-worker-4] DEBUG oshi.util.FileUtil -- Reading file /sys/devices/system/cpu/cpu12/cache/index2/coherency_line_size
10:08:36.252 [ForkJoinPool-1-worker-4] DEBUG oshi.util.FileUtil -- Reading file /sys/devices/system/cpu/cpu12/cache/index2/coherency_line_size
10:08:36.252 [ForkJoinPool-1-worker-4] DEBUG oshi.util.FileUtil -- Reading file /sys/devices/system/cpu/cpu12/cache/index2/size
10:08:36.253 [ForkJoinPool-1-worker-4] DEBUG oshi.util.FileUtil -- Reading file /sys/devices/system/cpu/cpu12/cache/index2/size
10:08:36.253 [ForkJoinPool-1-worker-4] DEBUG oshi.util.FileUtil -- Reading file /sys/devices/system/cpu/cpu12/cache/index0/level
10:08:36.253 [ForkJoinPool-1-worker-4] DEBUG oshi.util.FileUtil -- Reading file /sys/devices/system/cpu/cpu12/cache/index0/level
10:08:36.253 [ForkJoinPool-1-worker-4] DEBUG oshi.util.FileUtil -- Reading file /sys/devices/system/cpu/cpu12/cache/index0/type
10:08:36.253 [ForkJoinPool-1-worker-4] DEBUG oshi.util.FileUtil -- Reading file /sys/devices/system/cpu/cpu12/cache/index0/type
10:08:36.253 [ForkJoinPool-1-worker-4] DEBUG oshi.util.FileUtil -- Reading file /sys/devices/system/cpu/cpu12/cache/index0/ways_of_associativity
10:08:36.253 [ForkJoinPool-1-worker-4] DEBUG oshi.util.FileUtil -- Reading file /sys/devices/system/cpu/cpu12/cache/index0/ways_of_associativity
10:08:36.253 [ForkJoinPool-1-worker-4] DEBUG oshi.util.FileUtil -- Reading file /sys/devices/system/cpu/cpu12/cache/index0/coherency_line_size
10:08:36.253 [ForkJoinPool-1-worker-4] DEBUG oshi.util.FileUtil -- Reading file /sys/devices/system/cpu/cpu12/cache/index0/coherency_line_size
10:08:36.253 [ForkJoinPool-1-worker-4] DEBUG oshi.util.FileUtil -- Reading file /sys/devices/system/cpu/cpu12/cache/index0/size
10:08:36.253 [ForkJoinPool-1-worker-4] DEBUG oshi.util.FileUtil -- Reading file /sys/devices/system/cpu/cpu12/cache/index0/size
10:08:36.253 [ForkJoinPool-1-worker-4] DEBUG oshi.util.FileUtil -- Reading file /sys/devices/system/cpu/cpu12/cache/index3/level
10:08:36.253 [ForkJoinPool-1-worker-4] DEBUG oshi.util.FileUtil -- Reading file /sys/devices/system/cpu/cpu12/cache/index3/level
10:08:36.253 [ForkJoinPool-1-worker-4] DEBUG oshi.util.FileUtil -- Reading file /sys/devices/system/cpu/cpu12/cache/index3/type
10:08:36.253 [ForkJoinPool-1-worker-4] DEBUG oshi.util.FileUtil -- Reading file /sys/devices/system/cpu/cpu12/cache/index3/type
10:08:36.253 [ForkJoinPool-1-worker-4] DEBUG oshi.util.FileUtil -- Reading file /sys/devices/system/cpu/cpu12/cache/index3/ways_of_associativity
10:08:36.253 [ForkJoinPool-1-worker-4] DEBUG oshi.util.FileUtil -- Reading file /sys/devices/system/cpu/cpu12/cache/index3/ways_of_associativity
10:08:36.254 [ForkJoinPool-1-worker-4] DEBUG oshi.util.FileUtil -- Reading file /sys/devices/system/cpu/cpu12/cache/index3/coherency_line_size
10:08:36.254 [ForkJoinPool-1-worker-4] DEBUG oshi.util.FileUtil -- Reading file /sys/devices/system/cpu/cpu12/cache/index3/coherency_line_size
10:08:36.254 [ForkJoinPool-1-worker-4] DEBUG oshi.util.FileUtil -- Reading file /sys/devices/system/cpu/cpu12/cache/index3/size
10:08:36.254 [ForkJoinPool-1-worker-4] DEBUG oshi.util.FileUtil -- Reading file /sys/devices/system/cpu/cpu12/cache/index3/size
10:08:36.254 [ForkJoinPool-1-worker-4] DEBUG oshi.util.FileUtil -- Reading file /sys/devices/system/cpu/cpu12/cache/index1/level
10:08:36.254 [ForkJoinPool-1-worker-4] DEBUG oshi.util.FileUtil -- Reading file /sys/devices/system/cpu/cpu12/cache/index1/level
10:08:36.254 [ForkJoinPool-1-worker-4] DEBUG oshi.util.FileUtil -- Reading file /sys/devices/system/cpu/cpu12/cache/index1/type
10:08:36.254 [ForkJoinPool-1-worker-4] DEBUG oshi.util.FileUtil -- Reading file /sys/devices/system/cpu/cpu12/cache/index1/type
10:08:36.254 [ForkJoinPool-1-worker-4] DEBUG oshi.util.FileUtil -- Reading file /sys/devices/system/cpu/cpu12/cache/index1/ways_of_associativity
10:08:36.254 [ForkJoinPool-1-worker-4] DEBUG oshi.util.FileUtil -- Reading file /sys/devices/system/cpu/cpu12/cache/index1/ways_of_associativity
10:08:36.254 [ForkJoinPool-1-worker-4] DEBUG oshi.util.FileUtil -- Reading file /sys/devices/system/cpu/cpu12/cache/index1/coherency_line_size
10:08:36.254 [ForkJoinPool-1-worker-4] DEBUG oshi.util.FileUtil -- Reading file /sys/devices/system/cpu/cpu12/cache/index1/coherency_line_size
10:08:36.254 [ForkJoinPool-1-worker-4] DEBUG oshi.util.FileUtil -- Reading file /sys/devices/system/cpu/cpu12/cache/index1/size
10:08:36.254 [ForkJoinPool-1-worker-4] DEBUG oshi.util.FileUtil -- Reading file /sys/devices/system/cpu/cpu12/cache/index1/size
10:08:36.255 [ForkJoinPool-1-worker-4] DEBUG oshi.util.FileUtil -- Reading file /sys/devices/system/cpu/cpu13/topology/core_id
10:08:36.255 [ForkJoinPool-1-worker-4] DEBUG oshi.util.FileUtil -- Reading file /sys/devices/system/cpu/cpu13/topology/core_id
10:08:36.255 [ForkJoinPool-1-worker-4] DEBUG oshi.util.FileUtil -- Reading file /sys/devices/system/cpu/cpu13/topology/physical_package_id
10:08:36.255 [ForkJoinPool-1-worker-4] DEBUG oshi.util.FileUtil -- Reading file /sys/devices/system/cpu/cpu13/topology/physical_package_id
10:08:36.255 [ForkJoinPool-1-worker-4] DEBUG oshi.util.FileUtil -- Reading file /sys/devices/system/cpu/cpu13/cpu_capacity
10:08:36.255 [ForkJoinPool-1-worker-4] DEBUG oshi.util.FileUtil -- Reading file /sys/devices/system/cpu/cpu13/cache/index2/level
10:08:36.255 [ForkJoinPool-1-worker-4] DEBUG oshi.util.FileUtil -- Reading file /sys/devices/system/cpu/cpu13/cache/index2/level
10:08:36.255 [ForkJoinPool-1-worker-4] DEBUG oshi.util.FileUtil -- Reading file /sys/devices/system/cpu/cpu13/cache/index2/type
10:08:36.255 [ForkJoinPool-1-worker-4] DEBUG oshi.util.FileUtil -- Reading file /sys/devices/system/cpu/cpu13/cache/index2/type
10:08:36.255 [ForkJoinPool-1-worker-4] DEBUG oshi.util.FileUtil -- Reading file /sys/devices/system/cpu/cpu13/cache/index2/ways_of_associativity
10:08:36.255 [ForkJoinPool-1-worker-4] DEBUG oshi.util.FileUtil -- Reading file /sys/devices/system/cpu/cpu13/cache/index2/ways_of_associativity
10:08:36.255 [ForkJoinPool-1-worker-4] DEBUG oshi.util.FileUtil -- Reading file /sys/devices/system/cpu/cpu13/cache/index2/coherency_line_size
10:08:36.255 [ForkJoinPool-1-worker-4] DEBUG oshi.util.FileUtil -- Reading file /sys/devices/system/cpu/cpu13/cache/index2/coherency_line_size
10:08:36.256 [ForkJoinPool-1-worker-4] DEBUG oshi.util.FileUtil -- Reading file /sys/devices/system/cpu/cpu13/cache/index2/size
10:08:36.256 [ForkJoinPool-1-worker-4] DEBUG oshi.util.FileUtil -- Reading file /sys/devices/system/cpu/cpu13/cache/index2/size
10:08:36.256 [ForkJoinPool-1-worker-4] DEBUG oshi.util.FileUtil -- Reading file /sys/devices/system/cpu/cpu13/cache/index0/level
10:08:36.256 [ForkJoinPool-1-worker-4] DEBUG oshi.util.FileUtil -- Reading file /sys/devices/system/cpu/cpu13/cache/index0/level
10:08:36.256 [ForkJoinPool-1-worker-4] DEBUG oshi.util.FileUtil -- Reading file /sys/devices/system/cpu/cpu13/cache/index0/type
10:08:36.256 [ForkJoinPool-1-worker-4] DEBUG oshi.util.FileUtil -- Reading file /sys/devices/system/cpu/cpu13/cache/index0/type
10:08:36.256 [ForkJoinPool-1-worker-4] DEBUG oshi.util.FileUtil -- Reading file /sys/devices/system/cpu/cpu13/cache/index0/ways_of_associativity
10:08:36.256 [ForkJoinPool-1-worker-4] DEBUG oshi.util.FileUtil -- Reading file /sys/devices/system/cpu/cpu13/cache/index0/ways_of_associativity
10:08:36.256 [ForkJoinPool-1-worker-4] DEBUG oshi.util.FileUtil -- Reading file /sys/devices/system/cpu/cpu13/cache/index0/coherency_line_size
10:08:36.256 [ForkJoinPool-1-worker-4] DEBUG oshi.util.FileUtil -- Reading file /sys/devices/system/cpu/cpu13/cache/index0/coherency_line_size
10:08:36.256 [ForkJoinPool-1-worker-4] DEBUG oshi.util.FileUtil -- Reading file /sys/devices/system/cpu/cpu13/cache/index0/size
10:08:36.256 [ForkJoinPool-1-worker-4] DEBUG oshi.util.FileUtil -- Reading file /sys/devices/system/cpu/cpu13/cache/index0/size
10:08:36.256 [ForkJoinPool-1-worker-4] DEBUG oshi.util.FileUtil -- Reading file /sys/devices/system/cpu/cpu13/cache/index3/level
10:08:36.256 [ForkJoinPool-1-worker-4] DEBUG oshi.util.FileUtil -- Reading file /sys/devices/system/cpu/cpu13/cache/index3/level
10:08:36.256 [ForkJoinPool-1-worker-4] DEBUG oshi.util.FileUtil -- Reading file /sys/devices/system/cpu/cpu13/cache/index3/type
10:08:36.256 [ForkJoinPool-1-worker-4] DEBUG oshi.util.FileUtil -- Reading file /sys/devices/system/cpu/cpu13/cache/index3/type
10:08:36.257 [ForkJoinPool-1-worker-4] DEBUG oshi.util.FileUtil -- Reading file /sys/devices/system/cpu/cpu13/cache/index3/ways_of_associativity
10:08:36.257 [ForkJoinPool-1-worker-4] DEBUG oshi.util.FileUtil -- Reading file /sys/devices/system/cpu/cpu13/cache/index3/ways_of_associativity
10:08:36.257 [ForkJoinPool-1-worker-4] DEBUG oshi.util.FileUtil -- Reading file /sys/devices/system/cpu/cpu13/cache/index3/coherency_line_size
10:08:36.257 [ForkJoinPool-1-worker-4] DEBUG oshi.util.FileUtil -- Reading file /sys/devices/system/cpu/cpu13/cache/index3/coherency_line_size
10:08:36.257 [ForkJoinPool-1-worker-4] DEBUG oshi.util.FileUtil -- Reading file /sys/devices/system/cpu/cpu13/cache/index3/size
10:08:36.257 [ForkJoinPool-1-worker-4] DEBUG oshi.util.FileUtil -- Reading file /sys/devices/system/cpu/cpu13/cache/index3/size
10:08:36.257 [ForkJoinPool-1-worker-4] DEBUG oshi.util.FileUtil -- Reading file /sys/devices/system/cpu/cpu13/cache/index1/level
10:08:36.257 [ForkJoinPool-1-worker-4] DEBUG oshi.util.FileUtil -- Reading file /sys/devices/system/cpu/cpu13/cache/index1/level
10:08:36.257 [ForkJoinPool-1-worker-4] DEBUG oshi.util.FileUtil -- Reading file /sys/devices/system/cpu/cpu13/cache/index1/type
10:08:36.257 [ForkJoinPool-1-worker-4] DEBUG oshi.util.FileUtil -- Reading file /sys/devices/system/cpu/cpu13/cache/index1/type
10:08:36.257 [ForkJoinPool-1-worker-4] DEBUG oshi.util.FileUtil -- Reading file /sys/devices/system/cpu/cpu13/cache/index1/ways_of_associativity
10:08:36.257 [ForkJoinPool-1-worker-4] DEBUG oshi.util.FileUtil -- Reading file /sys/devices/system/cpu/cpu13/cache/index1/ways_of_associativity
10:08:36.257 [ForkJoinPool-1-worker-4] DEBUG oshi.util.FileUtil -- Reading file /sys/devices/system/cpu/cpu13/cache/index1/coherency_line_size
10:08:36.257 [ForkJoinPool-1-worker-4] DEBUG oshi.util.FileUtil -- Reading file /sys/devices/system/cpu/cpu13/cache/index1/coherency_line_size
10:08:36.257 [ForkJoinPool-1-worker-4] DEBUG oshi.util.FileUtil -- Reading file /sys/devices/system/cpu/cpu13/cache/index1/size
10:08:36.257 [ForkJoinPool-1-worker-4] DEBUG oshi.util.FileUtil -- Reading file /sys/devices/system/cpu/cpu13/cache/index1/size
10:08:36.258 [ForkJoinPool-1-worker-4] DEBUG oshi.util.FileUtil -- Reading file /sys/devices/system/cpu/cpu14/topology/core_id
10:08:36.258 [ForkJoinPool-1-worker-4] DEBUG oshi.util.FileUtil -- Reading file /sys/devices/system/cpu/cpu14/topology/core_id
10:08:36.258 [ForkJoinPool-1-worker-4] DEBUG oshi.util.FileUtil -- Reading file /sys/devices/system/cpu/cpu14/topology/physical_package_id
10:08:36.258 [ForkJoinPool-1-worker-4] DEBUG oshi.util.FileUtil -- Reading file /sys/devices/system/cpu/cpu14/topology/physical_package_id
10:08:36.258 [ForkJoinPool-1-worker-4] DEBUG oshi.util.FileUtil -- Reading file /sys/devices/system/cpu/cpu14/cpu_capacity
10:08:36.258 [ForkJoinPool-1-worker-4] DEBUG oshi.util.FileUtil -- Reading file /sys/devices/system/cpu/cpu14/cache/index2/level
10:08:36.258 [ForkJoinPool-1-worker-4] DEBUG oshi.util.FileUtil -- Reading file /sys/devices/system/cpu/cpu14/cache/index2/level
10:08:36.258 [ForkJoinPool-1-worker-4] DEBUG oshi.util.FileUtil -- Reading file /sys/devices/system/cpu/cpu14/cache/index2/type
10:08:36.258 [ForkJoinPool-1-worker-4] DEBUG oshi.util.FileUtil -- Reading file /sys/devices/system/cpu/cpu14/cache/index2/type
10:08:36.258 [ForkJoinPool-1-worker-4] DEBUG oshi.util.FileUtil -- Reading file /sys/devices/system/cpu/cpu14/cache/index2/ways_of_associativity
10:08:36.259 [ForkJoinPool-1-worker-4] DEBUG oshi.util.FileUtil -- Reading file /sys/devices/system/cpu/cpu14/cache/index2/ways_of_associativity
10:08:36.259 [ForkJoinPool-1-worker-4] DEBUG oshi.util.FileUtil -- Reading file /sys/devices/system/cpu/cpu14/cache/index2/coherency_line_size
10:08:36.259 [ForkJoinPool-1-worker-4] DEBUG oshi.util.FileUtil -- Reading file /sys/devices/system/cpu/cpu14/cache/index2/coherency_line_size
10:08:36.259 [ForkJoinPool-1-worker-4] DEBUG oshi.util.FileUtil -- Reading file /sys/devices/system/cpu/cpu14/cache/index2/size
10:08:36.259 [ForkJoinPool-1-worker-4] DEBUG oshi.util.FileUtil -- Reading file /sys/devices/system/cpu/cpu14/cache/index2/size
10:08:36.259 [ForkJoinPool-1-worker-4] DEBUG oshi.util.FileUtil -- Reading file /sys/devices/system/cpu/cpu14/cache/index0/level
10:08:36.259 [ForkJoinPool-1-worker-4] DEBUG oshi.util.FileUtil -- Reading file /sys/devices/system/cpu/cpu14/cache/index0/level
10:08:36.259 [ForkJoinPool-1-worker-4] DEBUG oshi.util.FileUtil -- Reading file /sys/devices/system/cpu/cpu14/cache/index0/type
10:08:36.259 [ForkJoinPool-1-worker-4] DEBUG oshi.util.FileUtil -- Reading file /sys/devices/system/cpu/cpu14/cache/index0/type
10:08:36.259 [ForkJoinPool-1-worker-4] DEBUG oshi.util.FileUtil -- Reading file /sys/devices/system/cpu/cpu14/cache/index0/ways_of_associativity
10:08:36.259 [ForkJoinPool-1-worker-4] DEBUG oshi.util.FileUtil -- Reading file /sys/devices/system/cpu/cpu14/cache/index0/ways_of_associativity
10:08:36.259 [ForkJoinPool-1-worker-4] DEBUG oshi.util.FileUtil -- Reading file /sys/devices/system/cpu/cpu14/cache/index0/coherency_line_size
10:08:36.259 [ForkJoinPool-1-worker-4] DEBUG oshi.util.FileUtil -- Reading file /sys/devices/system/cpu/cpu14/cache/index0/coherency_line_size
10:08:36.259 [ForkJoinPool-1-worker-4] DEBUG oshi.util.FileUtil -- Reading file /sys/devices/system/cpu/cpu14/cache/index0/size
10:08:36.259 [ForkJoinPool-1-worker-4] DEBUG oshi.util.FileUtil -- Reading file /sys/devices/system/cpu/cpu14/cache/index0/size
10:08:36.259 [ForkJoinPool-1-worker-4] DEBUG oshi.util.FileUtil -- Reading file /sys/devices/system/cpu/cpu14/cache/index3/level
10:08:36.259 [ForkJoinPool-1-worker-4] DEBUG oshi.util.FileUtil -- Reading file /sys/devices/system/cpu/cpu14/cache/index3/level
10:08:36.259 [ForkJoinPool-1-worker-4] DEBUG oshi.util.FileUtil -- Reading file /sys/devices/system/cpu/cpu14/cache/index3/type
10:08:36.259 [ForkJoinPool-1-worker-4] DEBUG oshi.util.FileUtil -- Reading file /sys/devices/system/cpu/cpu14/cache/index3/type
10:08:36.259 [ForkJoinPool-1-worker-4] DEBUG oshi.util.FileUtil -- Reading file /sys/devices/system/cpu/cpu14/cache/index3/ways_of_associativity
10:08:36.259 [ForkJoinPool-1-worker-4] DEBUG oshi.util.FileUtil -- Reading file /sys/devices/system/cpu/cpu14/cache/index3/ways_of_associativity
10:08:36.259 [ForkJoinPool-1-worker-4] DEBUG oshi.util.FileUtil -- Reading file /sys/devices/system/cpu/cpu14/cache/index3/coherency_line_size
10:08:36.260 [ForkJoinPool-1-worker-4] DEBUG oshi.util.FileUtil -- Reading file /sys/devices/system/cpu/cpu14/cache/index3/coherency_line_size
10:08:36.260 [ForkJoinPool-1-worker-4] DEBUG oshi.util.FileUtil -- Reading file /sys/devices/system/cpu/cpu14/cache/index3/size
10:08:36.260 [ForkJoinPool-1-worker-4] DEBUG oshi.util.FileUtil -- Reading file /sys/devices/system/cpu/cpu14/cache/index3/size
10:08:36.260 [ForkJoinPool-1-worker-4] DEBUG oshi.util.FileUtil -- Reading file /sys/devices/system/cpu/cpu14/cache/index1/level
10:08:36.260 [ForkJoinPool-1-worker-4] DEBUG oshi.util.FileUtil -- Reading file /sys/devices/system/cpu/cpu14/cache/index1/level
10:08:36.260 [ForkJoinPool-1-worker-4] DEBUG oshi.util.FileUtil -- Reading file /sys/devices/system/cpu/cpu14/cache/index1/type
10:08:36.260 [ForkJoinPool-1-worker-4] DEBUG oshi.util.FileUtil -- Reading file /sys/devices/system/cpu/cpu14/cache/index1/type
10:08:36.260 [ForkJoinPool-1-worker-4] DEBUG oshi.util.FileUtil -- Reading file /sys/devices/system/cpu/cpu14/cache/index1/ways_of_associativity
10:08:36.260 [ForkJoinPool-1-worker-4] DEBUG oshi.util.FileUtil -- Reading file /sys/devices/system/cpu/cpu14/cache/index1/ways_of_associativity
10:08:36.260 [ForkJoinPool-1-worker-4] DEBUG oshi.util.FileUtil -- Reading file /sys/devices/system/cpu/cpu14/cache/index1/coherency_line_size
10:08:36.260 [ForkJoinPool-1-worker-4] DEBUG oshi.util.FileUtil -- Reading file /sys/devices/system/cpu/cpu14/cache/index1/coherency_line_size
10:08:36.260 [ForkJoinPool-1-worker-4] DEBUG oshi.util.FileUtil -- Reading file /sys/devices/system/cpu/cpu14/cache/index1/size
10:08:36.260 [ForkJoinPool-1-worker-4] DEBUG oshi.util.FileUtil -- Reading file /sys/devices/system/cpu/cpu14/cache/index1/size
10:08:36.260 [ForkJoinPool-1-worker-4] DEBUG oshi.util.FileUtil -- Reading file /sys/devices/system/cpu/cpu15/topology/core_id
10:08:36.260 [ForkJoinPool-1-worker-4] DEBUG oshi.util.FileUtil -- Reading file /sys/devices/system/cpu/cpu15/topology/core_id
10:08:36.260 [ForkJoinPool-1-worker-4] DEBUG oshi.util.FileUtil -- Reading file /sys/devices/system/cpu/cpu15/topology/physical_package_id
10:08:36.260 [ForkJoinPool-1-worker-4] DEBUG oshi.util.FileUtil -- Reading file /sys/devices/system/cpu/cpu15/topology/physical_package_id
10:08:36.260 [ForkJoinPool-1-worker-4] DEBUG oshi.util.FileUtil -- Reading file /sys/devices/system/cpu/cpu15/cpu_capacity
10:08:36.261 [ForkJoinPool-1-worker-4] DEBUG oshi.util.FileUtil -- Reading file /sys/devices/system/cpu/cpu15/cache/index2/level
10:08:36.261 [ForkJoinPool-1-worker-4] DEBUG oshi.util.FileUtil -- Reading file /sys/devices/system/cpu/cpu15/cache/index2/level
10:08:36.261 [ForkJoinPool-1-worker-4] DEBUG oshi.util.FileUtil -- Reading file /sys/devices/system/cpu/cpu15/cache/index2/type
10:08:36.261 [ForkJoinPool-1-worker-4] DEBUG oshi.util.FileUtil -- Reading file /sys/devices/system/cpu/cpu15/cache/index2/type
10:08:36.261 [ForkJoinPool-1-worker-4] DEBUG oshi.util.FileUtil -- Reading file /sys/devices/system/cpu/cpu15/cache/index2/ways_of_associativity
10:08:36.261 [ForkJoinPool-1-worker-4] DEBUG oshi.util.FileUtil -- Reading file /sys/devices/system/cpu/cpu15/cache/index2/ways_of_associativity
10:08:36.261 [ForkJoinPool-1-worker-4] DEBUG oshi.util.FileUtil -- Reading file /sys/devices/system/cpu/cpu15/cache/index2/coherency_line_size
10:08:36.261 [ForkJoinPool-1-worker-4] DEBUG oshi.util.FileUtil -- Reading file /sys/devices/system/cpu/cpu15/cache/index2/coherency_line_size
10:08:36.261 [ForkJoinPool-1-worker-4] DEBUG oshi.util.FileUtil -- Reading file /sys/devices/system/cpu/cpu15/cache/index2/size
10:08:36.261 [ForkJoinPool-1-worker-4] DEBUG oshi.util.FileUtil -- Reading file /sys/devices/system/cpu/cpu15/cache/index2/size
10:08:36.261 [ForkJoinPool-1-worker-4] DEBUG oshi.util.FileUtil -- Reading file /sys/devices/system/cpu/cpu15/cache/index0/level
10:08:36.261 [ForkJoinPool-1-worker-4] DEBUG oshi.util.FileUtil -- Reading file /sys/devices/system/cpu/cpu15/cache/index0/level
10:08:36.261 [ForkJoinPool-1-worker-4] DEBUG oshi.util.FileUtil -- Reading file /sys/devices/system/cpu/cpu15/cache/index0/type
10:08:36.261 [ForkJoinPool-1-worker-4] DEBUG oshi.util.FileUtil -- Reading file /sys/devices/system/cpu/cpu15/cache/index0/type
10:08:36.261 [ForkJoinPool-1-worker-4] DEBUG oshi.util.FileUtil -- Reading file /sys/devices/system/cpu/cpu15/cache/index0/ways_of_associativity
10:08:36.261 [ForkJoinPool-1-worker-4] DEBUG oshi.util.FileUtil -- Reading file /sys/devices/system/cpu/cpu15/cache/index0/ways_of_associativity
10:08:36.261 [ForkJoinPool-1-worker-4] DEBUG oshi.util.FileUtil -- Reading file /sys/devices/system/cpu/cpu15/cache/index0/coherency_line_size
10:08:36.261 [ForkJoinPool-1-worker-4] DEBUG oshi.util.FileUtil -- Reading file /sys/devices/system/cpu/cpu15/cache/index0/coherency_line_size
10:08:36.262 [ForkJoinPool-1-worker-4] DEBUG oshi.util.FileUtil -- Reading file /sys/devices/system/cpu/cpu15/cache/index0/size
10:08:36.262 [ForkJoinPool-1-worker-4] DEBUG oshi.util.FileUtil -- Reading file /sys/devices/system/cpu/cpu15/cache/index0/size
10:08:36.262 [ForkJoinPool-1-worker-4] DEBUG oshi.util.FileUtil -- Reading file /sys/devices/system/cpu/cpu15/cache/index3/level
10:08:36.262 [ForkJoinPool-1-worker-4] DEBUG oshi.util.FileUtil -- Reading file /sys/devices/system/cpu/cpu15/cache/index3/level
10:08:36.262 [ForkJoinPool-1-worker-4] DEBUG oshi.util.FileUtil -- Reading file /sys/devices/system/cpu/cpu15/cache/index3/type
10:08:36.262 [ForkJoinPool-1-worker-4] DEBUG oshi.util.FileUtil -- Reading file /sys/devices/system/cpu/cpu15/cache/index3/type
10:08:36.262 [ForkJoinPool-1-worker-4] DEBUG oshi.util.FileUtil -- Reading file /sys/devices/system/cpu/cpu15/cache/index3/ways_of_associativity
10:08:36.262 [ForkJoinPool-1-worker-4] DEBUG oshi.util.FileUtil -- Reading file /sys/devices/system/cpu/cpu15/cache/index3/ways_of_associativity
10:08:36.262 [ForkJoinPool-1-worker-4] DEBUG oshi.util.FileUtil -- Reading file /sys/devices/system/cpu/cpu15/cache/index3/coherency_line_size
10:08:36.262 [ForkJoinPool-1-worker-4] DEBUG oshi.util.FileUtil -- Reading file /sys/devices/system/cpu/cpu15/cache/index3/coherency_line_size
10:08:36.262 [ForkJoinPool-1-worker-4] DEBUG oshi.util.FileUtil -- Reading file /sys/devices/system/cpu/cpu15/cache/index3/size
10:08:36.262 [ForkJoinPool-1-worker-4] DEBUG oshi.util.FileUtil -- Reading file /sys/devices/system/cpu/cpu15/cache/index3/size
10:08:36.262 [ForkJoinPool-1-worker-4] DEBUG oshi.util.FileUtil -- Reading file /sys/devices/system/cpu/cpu15/cache/index1/level
10:08:36.262 [ForkJoinPool-1-worker-4] DEBUG oshi.util.FileUtil -- Reading file /sys/devices/system/cpu/cpu15/cache/index1/level
10:08:36.262 [ForkJoinPool-1-worker-4] DEBUG oshi.util.FileUtil -- Reading file /sys/devices/system/cpu/cpu15/cache/index1/type
10:08:36.262 [ForkJoinPool-1-worker-4] DEBUG oshi.util.FileUtil -- Reading file /sys/devices/system/cpu/cpu15/cache/index1/type
10:08:36.263 [ForkJoinPool-1-worker-4] DEBUG oshi.util.FileUtil -- Reading file /sys/devices/system/cpu/cpu15/cache/index1/ways_of_associativity
10:08:36.263 [ForkJoinPool-1-worker-4] DEBUG oshi.util.FileUtil -- Reading file /sys/devices/system/cpu/cpu15/cache/index1/ways_of_associativity
10:08:36.263 [ForkJoinPool-1-worker-4] DEBUG oshi.util.FileUtil -- Reading file /sys/devices/system/cpu/cpu15/cache/index1/coherency_line_size
10:08:36.263 [ForkJoinPool-1-worker-4] DEBUG oshi.util.FileUtil -- Reading file /sys/devices/system/cpu/cpu15/cache/index1/coherency_line_size
10:08:36.263 [ForkJoinPool-1-worker-4] DEBUG oshi.util.FileUtil -- Reading file /sys/devices/system/cpu/cpu15/cache/index1/size
10:08:36.263 [ForkJoinPool-1-worker-4] DEBUG oshi.util.FileUtil -- Reading file /sys/devices/system/cpu/cpu15/cache/index1/size
10:08:36.263 [ForkJoinPool-1-worker-4] DEBUG oshi.util.FileUtil -- Reading file /sys/devices/system/cpu/cpu2/topology/core_id
10:08:36.263 [ForkJoinPool-1-worker-4] DEBUG oshi.util.FileUtil -- Reading file /sys/devices/system/cpu/cpu2/topology/core_id
10:08:36.263 [ForkJoinPool-1-worker-4] DEBUG oshi.util.FileUtil -- Reading file /sys/devices/system/cpu/cpu2/topology/physical_package_id
10:08:36.263 [ForkJoinPool-1-worker-4] DEBUG oshi.util.FileUtil -- Reading file /sys/devices/system/cpu/cpu2/topology/physical_package_id
10:08:36.263 [ForkJoinPool-1-worker-4] DEBUG oshi.util.FileUtil -- Reading file /sys/devices/system/cpu/cpu2/cpu_capacity
10:08:36.263 [ForkJoinPool-1-worker-4] DEBUG oshi.util.FileUtil -- Reading file /sys/devices/system/cpu/cpu2/cache/index2/level
10:08:36.263 [ForkJoinPool-1-worker-4] DEBUG oshi.util.FileUtil -- Reading file /sys/devices/system/cpu/cpu2/cache/index2/level
10:08:36.264 [ForkJoinPool-1-worker-4] DEBUG oshi.util.FileUtil -- Reading file /sys/devices/system/cpu/cpu2/cache/index2/type
10:08:36.264 [ForkJoinPool-1-worker-4] DEBUG oshi.util.FileUtil -- Reading file /sys/devices/system/cpu/cpu2/cache/index2/type
10:08:36.264 [ForkJoinPool-1-worker-4] DEBUG oshi.util.FileUtil -- Reading file /sys/devices/system/cpu/cpu2/cache/index2/ways_of_associativity
10:08:36.264 [ForkJoinPool-1-worker-4] DEBUG oshi.util.FileUtil -- Reading file /sys/devices/system/cpu/cpu2/cache/index2/ways_of_associativity
10:08:36.264 [ForkJoinPool-1-worker-4] DEBUG oshi.util.FileUtil -- Reading file /sys/devices/system/cpu/cpu2/cache/index2/coherency_line_size
10:08:36.264 [ForkJoinPool-1-worker-4] DEBUG oshi.util.FileUtil -- Reading file /sys/devices/system/cpu/cpu2/cache/index2/coherency_line_size
10:08:36.264 [ForkJoinPool-1-worker-4] DEBUG oshi.util.FileUtil -- Reading file /sys/devices/system/cpu/cpu2/cache/index2/size
10:08:36.264 [ForkJoinPool-1-worker-4] DEBUG oshi.util.FileUtil -- Reading file /sys/devices/system/cpu/cpu2/cache/index2/size
10:08:36.264 [ForkJoinPool-1-worker-4] DEBUG oshi.util.FileUtil -- Reading file /sys/devices/system/cpu/cpu2/cache/index0/level
10:08:36.264 [ForkJoinPool-1-worker-4] DEBUG oshi.util.FileUtil -- Reading file /sys/devices/system/cpu/cpu2/cache/index0/level
10:08:36.264 [ForkJoinPool-1-worker-4] DEBUG oshi.util.FileUtil -- Reading file /sys/devices/system/cpu/cpu2/cache/index0/type
10:08:36.264 [ForkJoinPool-1-worker-4] DEBUG oshi.util.FileUtil -- Reading file /sys/devices/system/cpu/cpu2/cache/index0/type
10:08:36.264 [ForkJoinPool-1-worker-4] DEBUG oshi.util.FileUtil -- Reading file /sys/devices/system/cpu/cpu2/cache/index0/ways_of_associativity
10:08:36.264 [ForkJoinPool-1-worker-4] DEBUG oshi.util.FileUtil -- Reading file /sys/devices/system/cpu/cpu2/cache/index0/ways_of_associativity
10:08:36.264 [ForkJoinPool-1-worker-4] DEBUG oshi.util.FileUtil -- Reading file /sys/devices/system/cpu/cpu2/cache/index0/coherency_line_size
10:08:36.264 [ForkJoinPool-1-worker-4] DEBUG oshi.util.FileUtil -- Reading file /sys/devices/system/cpu/cpu2/cache/index0/coherency_line_size
10:08:36.264 [ForkJoinPool-1-worker-4] DEBUG oshi.util.FileUtil -- Reading file /sys/devices/system/cpu/cpu2/cache/index0/size
10:08:36.264 [ForkJoinPool-1-worker-4] DEBUG oshi.util.FileUtil -- Reading file /sys/devices/system/cpu/cpu2/cache/index0/size
10:08:36.264 [ForkJoinPool-1-worker-4] DEBUG oshi.util.FileUtil -- Reading file /sys/devices/system/cpu/cpu2/cache/index3/level
10:08:36.264 [ForkJoinPool-1-worker-4] DEBUG oshi.util.FileUtil -- Reading file /sys/devices/system/cpu/cpu2/cache/index3/level
10:08:36.264 [ForkJoinPool-1-worker-4] DEBUG oshi.util.FileUtil -- Reading file /sys/devices/system/cpu/cpu2/cache/index3/type
10:08:36.264 [ForkJoinPool-1-worker-4] DEBUG oshi.util.FileUtil -- Reading file /sys/devices/system/cpu/cpu2/cache/index3/type
10:08:36.264 [ForkJoinPool-1-worker-4] DEBUG oshi.util.FileUtil -- Reading file /sys/devices/system/cpu/cpu2/cache/index3/ways_of_associativity
10:08:36.264 [ForkJoinPool-1-worker-4] DEBUG oshi.util.FileUtil -- Reading file /sys/devices/system/cpu/cpu2/cache/index3/ways_of_associativity
10:08:36.265 [ForkJoinPool-1-worker-4] DEBUG oshi.util.FileUtil -- Reading file /sys/devices/system/cpu/cpu2/cache/index3/coherency_line_size
10:08:36.265 [ForkJoinPool-1-worker-4] DEBUG oshi.util.FileUtil -- Reading file /sys/devices/system/cpu/cpu2/cache/index3/coherency_line_size
10:08:36.265 [ForkJoinPool-1-worker-4] DEBUG oshi.util.FileUtil -- Reading file /sys/devices/system/cpu/cpu2/cache/index3/size
10:08:36.265 [ForkJoinPool-1-worker-4] DEBUG oshi.util.FileUtil -- Reading file /sys/devices/system/cpu/cpu2/cache/index3/size
10:08:36.265 [ForkJoinPool-1-worker-4] DEBUG oshi.util.FileUtil -- Reading file /sys/devices/system/cpu/cpu2/cache/index1/level
10:08:36.265 [ForkJoinPool-1-worker-4] DEBUG oshi.util.FileUtil -- Reading file /sys/devices/system/cpu/cpu2/cache/index1/level
10:08:36.265 [ForkJoinPool-1-worker-4] DEBUG oshi.util.FileUtil -- Reading file /sys/devices/system/cpu/cpu2/cache/index1/type
10:08:36.265 [ForkJoinPool-1-worker-4] DEBUG oshi.util.FileUtil -- Reading file /sys/devices/system/cpu/cpu2/cache/index1/type
10:08:36.265 [ForkJoinPool-1-worker-4] DEBUG oshi.util.FileUtil -- Reading file /sys/devices/system/cpu/cpu2/cache/index1/ways_of_associativity
10:08:36.265 [ForkJoinPool-1-worker-4] DEBUG oshi.util.FileUtil -- Reading file /sys/devices/system/cpu/cpu2/cache/index1/ways_of_associativity
10:08:36.265 [ForkJoinPool-1-worker-4] DEBUG oshi.util.FileUtil -- Reading file /sys/devices/system/cpu/cpu2/cache/index1/coherency_line_size
10:08:36.265 [ForkJoinPool-1-worker-4] DEBUG oshi.util.FileUtil -- Reading file /sys/devices/system/cpu/cpu2/cache/index1/coherency_line_size
10:08:36.265 [ForkJoinPool-1-worker-4] DEBUG oshi.util.FileUtil -- Reading file /sys/devices/system/cpu/cpu2/cache/index1/size
10:08:36.265 [ForkJoinPool-1-worker-4] DEBUG oshi.util.FileUtil -- Reading file /sys/devices/system/cpu/cpu2/cache/index1/size
10:08:36.265 [ForkJoinPool-1-worker-4] DEBUG oshi.util.FileUtil -- Reading file /sys/devices/system/cpu/cpu3/topology/core_id
10:08:36.265 [ForkJoinPool-1-worker-4] DEBUG oshi.util.FileUtil -- Reading file /sys/devices/system/cpu/cpu3/topology/core_id
10:08:36.265 [ForkJoinPool-1-worker-4] DEBUG oshi.util.FileUtil -- Reading file /sys/devices/system/cpu/cpu3/topology/physical_package_id
10:08:36.265 [ForkJoinPool-1-worker-4] DEBUG oshi.util.FileUtil -- Reading file /sys/devices/system/cpu/cpu3/topology/physical_package_id
10:08:36.265 [ForkJoinPool-1-worker-4] DEBUG oshi.util.FileUtil -- Reading file /sys/devices/system/cpu/cpu3/cpu_capacity
10:08:36.266 [ForkJoinPool-1-worker-4] DEBUG oshi.util.FileUtil -- Reading file /sys/devices/system/cpu/cpu3/cache/index2/level
10:08:36.266 [ForkJoinPool-1-worker-4] DEBUG oshi.util.FileUtil -- Reading file /sys/devices/system/cpu/cpu3/cache/index2/level
10:08:36.266 [ForkJoinPool-1-worker-4] DEBUG oshi.util.FileUtil -- Reading file /sys/devices/system/cpu/cpu3/cache/index2/type
10:08:36.266 [ForkJoinPool-1-worker-4] DEBUG oshi.util.FileUtil -- Reading file /sys/devices/system/cpu/cpu3/cache/index2/type
10:08:36.266 [ForkJoinPool-1-worker-4] DEBUG oshi.util.FileUtil -- Reading file /sys/devices/system/cpu/cpu3/cache/index2/ways_of_associativity
10:08:36.266 [ForkJoinPool-1-worker-4] DEBUG oshi.util.FileUtil -- Reading file /sys/devices/system/cpu/cpu3/cache/index2/ways_of_associativity
10:08:36.266 [ForkJoinPool-1-worker-4] DEBUG oshi.util.FileUtil -- Reading file /sys/devices/system/cpu/cpu3/cache/index2/coherency_line_size
10:08:36.266 [ForkJoinPool-1-worker-4] DEBUG oshi.util.FileUtil -- Reading file /sys/devices/system/cpu/cpu3/cache/index2/coherency_line_size
10:08:36.266 [ForkJoinPool-1-worker-4] DEBUG oshi.util.FileUtil -- Reading file /sys/devices/system/cpu/cpu3/cache/index2/size
10:08:36.266 [ForkJoinPool-1-worker-4] DEBUG oshi.util.FileUtil -- Reading file /sys/devices/system/cpu/cpu3/cache/index2/size
10:08:36.266 [ForkJoinPool-1-worker-4] DEBUG oshi.util.FileUtil -- Reading file /sys/devices/system/cpu/cpu3/cache/index0/level
10:08:36.266 [ForkJoinPool-1-worker-4] DEBUG oshi.util.FileUtil -- Reading file /sys/devices/system/cpu/cpu3/cache/index0/level
10:08:36.266 [ForkJoinPool-1-worker-4] DEBUG oshi.util.FileUtil -- Reading file /sys/devices/system/cpu/cpu3/cache/index0/type
10:08:36.266 [ForkJoinPool-1-worker-4] DEBUG oshi.util.FileUtil -- Reading file /sys/devices/system/cpu/cpu3/cache/index0/type
10:08:36.266 [ForkJoinPool-1-worker-4] DEBUG oshi.util.FileUtil -- Reading file /sys/devices/system/cpu/cpu3/cache/index0/ways_of_associativity
10:08:36.266 [ForkJoinPool-1-worker-4] DEBUG oshi.util.FileUtil -- Reading file /sys/devices/system/cpu/cpu3/cache/index0/ways_of_associativity
10:08:36.266 [ForkJoinPool-1-worker-4] DEBUG oshi.util.FileUtil -- Reading file /sys/devices/system/cpu/cpu3/cache/index0/coherency_line_size
10:08:36.266 [ForkJoinPool-1-worker-4] DEBUG oshi.util.FileUtil -- Reading file /sys/devices/system/cpu/cpu3/cache/index0/coherency_line_size
10:08:36.266 [ForkJoinPool-1-worker-4] DEBUG oshi.util.FileUtil -- Reading file /sys/devices/system/cpu/cpu3/cache/index0/size
10:08:36.266 [ForkJoinPool-1-worker-4] DEBUG oshi.util.FileUtil -- Reading file /sys/devices/system/cpu/cpu3/cache/index0/size
10:08:36.267 [ForkJoinPool-1-worker-4] DEBUG oshi.util.FileUtil -- Reading file /sys/devices/system/cpu/cpu3/cache/index3/level
10:08:36.267 [ForkJoinPool-1-worker-4] DEBUG oshi.util.FileUtil -- Reading file /sys/devices/system/cpu/cpu3/cache/index3/level
10:08:36.267 [ForkJoinPool-1-worker-4] DEBUG oshi.util.FileUtil -- Reading file /sys/devices/system/cpu/cpu3/cache/index3/type
10:08:36.267 [ForkJoinPool-1-worker-4] DEBUG oshi.util.FileUtil -- Reading file /sys/devices/system/cpu/cpu3/cache/index3/type
10:08:36.267 [ForkJoinPool-1-worker-4] DEBUG oshi.util.FileUtil -- Reading file /sys/devices/system/cpu/cpu3/cache/index3/ways_of_associativity
10:08:36.267 [ForkJoinPool-1-worker-4] DEBUG oshi.util.FileUtil -- Reading file /sys/devices/system/cpu/cpu3/cache/index3/ways_of_associativity
10:08:36.267 [ForkJoinPool-1-worker-4] DEBUG oshi.util.FileUtil -- Reading file /sys/devices/system/cpu/cpu3/cache/index3/coherency_line_size
10:08:36.267 [ForkJoinPool-1-worker-4] DEBUG oshi.util.FileUtil -- Reading file /sys/devices/system/cpu/cpu3/cache/index3/coherency_line_size
10:08:36.267 [ForkJoinPool-1-worker-4] DEBUG oshi.util.FileUtil -- Reading file /sys/devices/system/cpu/cpu3/cache/index3/size
10:08:36.267 [ForkJoinPool-1-worker-4] DEBUG oshi.util.FileUtil -- Reading file /sys/devices/system/cpu/cpu3/cache/index3/size
10:08:36.267 [ForkJoinPool-1-worker-4] DEBUG oshi.util.FileUtil -- Reading file /sys/devices/system/cpu/cpu3/cache/index1/level
10:08:36.267 [ForkJoinPool-1-worker-4] DEBUG oshi.util.FileUtil -- Reading file /sys/devices/system/cpu/cpu3/cache/index1/level
10:08:36.267 [ForkJoinPool-1-worker-4] DEBUG oshi.util.FileUtil -- Reading file /sys/devices/system/cpu/cpu3/cache/index1/type
10:08:36.267 [ForkJoinPool-1-worker-4] DEBUG oshi.util.FileUtil -- Reading file /sys/devices/system/cpu/cpu3/cache/index1/type
10:08:36.267 [ForkJoinPool-1-worker-4] DEBUG oshi.util.FileUtil -- Reading file /sys/devices/system/cpu/cpu3/cache/index1/ways_of_associativity
10:08:36.267 [ForkJoinPool-1-worker-4] DEBUG oshi.util.FileUtil -- Reading file /sys/devices/system/cpu/cpu3/cache/index1/ways_of_associativity
10:08:36.267 [ForkJoinPool-1-worker-4] DEBUG oshi.util.FileUtil -- Reading file /sys/devices/system/cpu/cpu3/cache/index1/coherency_line_size
10:08:36.267 [ForkJoinPool-1-worker-4] DEBUG oshi.util.FileUtil -- Reading file /sys/devices/system/cpu/cpu3/cache/index1/coherency_line_size
10:08:36.267 [ForkJoinPool-1-worker-4] DEBUG oshi.util.FileUtil -- Reading file /sys/devices/system/cpu/cpu3/cache/index1/size
10:08:36.267 [ForkJoinPool-1-worker-4] DEBUG oshi.util.FileUtil -- Reading file /sys/devices/system/cpu/cpu3/cache/index1/size
10:08:36.268 [ForkJoinPool-1-worker-4] DEBUG oshi.util.FileUtil -- Reading file /sys/devices/system/cpu/cpu4/topology/core_id
10:08:36.268 [ForkJoinPool-1-worker-4] DEBUG oshi.util.FileUtil -- Reading file /sys/devices/system/cpu/cpu4/topology/core_id
10:08:36.268 [ForkJoinPool-1-worker-4] DEBUG oshi.util.FileUtil -- Reading file /sys/devices/system/cpu/cpu4/topology/physical_package_id
10:08:36.268 [ForkJoinPool-1-worker-4] DEBUG oshi.util.FileUtil -- Reading file /sys/devices/system/cpu/cpu4/topology/physical_package_id
10:08:36.268 [ForkJoinPool-1-worker-4] DEBUG oshi.util.FileUtil -- Reading file /sys/devices/system/cpu/cpu4/cpu_capacity
10:08:36.268 [ForkJoinPool-1-worker-4] DEBUG oshi.util.FileUtil -- Reading file /sys/devices/system/cpu/cpu4/cache/index2/level
10:08:36.268 [ForkJoinPool-1-worker-4] DEBUG oshi.util.FileUtil -- Reading file /sys/devices/system/cpu/cpu4/cache/index2/level
10:08:36.268 [ForkJoinPool-1-worker-4] DEBUG oshi.util.FileUtil -- Reading file /sys/devices/system/cpu/cpu4/cache/index2/type
10:08:36.268 [ForkJoinPool-1-worker-4] DEBUG oshi.util.FileUtil -- Reading file /sys/devices/system/cpu/cpu4/cache/index2/type
10:08:36.268 [ForkJoinPool-1-worker-4] DEBUG oshi.util.FileUtil -- Reading file /sys/devices/system/cpu/cpu4/cache/index2/ways_of_associativity
10:08:36.268 [ForkJoinPool-1-worker-4] DEBUG oshi.util.FileUtil -- Reading file /sys/devices/system/cpu/cpu4/cache/index2/ways_of_associativity
10:08:36.268 [ForkJoinPool-1-worker-4] DEBUG oshi.util.FileUtil -- Reading file /sys/devices/system/cpu/cpu4/cache/index2/coherency_line_size
10:08:36.268 [ForkJoinPool-1-worker-4] DEBUG oshi.util.FileUtil -- Reading file /sys/devices/system/cpu/cpu4/cache/index2/coherency_line_size
10:08:36.268 [ForkJoinPool-1-worker-4] DEBUG oshi.util.FileUtil -- Reading file /sys/devices/system/cpu/cpu4/cache/index2/size
10:08:36.268 [ForkJoinPool-1-worker-4] DEBUG oshi.util.FileUtil -- Reading file /sys/devices/system/cpu/cpu4/cache/index2/size
10:08:36.268 [ForkJoinPool-1-worker-4] DEBUG oshi.util.FileUtil -- Reading file /sys/devices/system/cpu/cpu4/cache/index0/level
10:08:36.269 [ForkJoinPool-1-worker-4] DEBUG oshi.util.FileUtil -- Reading file /sys/devices/system/cpu/cpu4/cache/index0/level
10:08:36.269 [ForkJoinPool-1-worker-4] DEBUG oshi.util.FileUtil -- Reading file /sys/devices/system/cpu/cpu4/cache/index0/type
10:08:36.269 [ForkJoinPool-1-worker-4] DEBUG oshi.util.FileUtil -- Reading file /sys/devices/system/cpu/cpu4/cache/index0/type
10:08:36.269 [ForkJoinPool-1-worker-4] DEBUG oshi.util.FileUtil -- Reading file /sys/devices/system/cpu/cpu4/cache/index0/ways_of_associativity
10:08:36.269 [ForkJoinPool-1-worker-4] DEBUG oshi.util.FileUtil -- Reading file /sys/devices/system/cpu/cpu4/cache/index0/ways_of_associativity
10:08:36.269 [ForkJoinPool-1-worker-4] DEBUG oshi.util.FileUtil -- Reading file /sys/devices/system/cpu/cpu4/cache/index0/coherency_line_size
10:08:36.269 [ForkJoinPool-1-worker-4] DEBUG oshi.util.FileUtil -- Reading file /sys/devices/system/cpu/cpu4/cache/index0/coherency_line_size
10:08:36.269 [ForkJoinPool-1-worker-4] DEBUG oshi.util.FileUtil -- Reading file /sys/devices/system/cpu/cpu4/cache/index0/size
10:08:36.269 [ForkJoinPool-1-worker-4] DEBUG oshi.util.FileUtil -- Reading file /sys/devices/system/cpu/cpu4/cache/index0/size
10:08:36.269 [ForkJoinPool-1-worker-4] DEBUG oshi.util.FileUtil -- Reading file /sys/devices/system/cpu/cpu4/cache/index3/level
10:08:36.269 [ForkJoinPool-1-worker-4] DEBUG oshi.util.FileUtil -- Reading file /sys/devices/system/cpu/cpu4/cache/index3/level
10:08:36.269 [ForkJoinPool-1-worker-4] DEBUG oshi.util.FileUtil -- Reading file /sys/devices/system/cpu/cpu4/cache/index3/type
10:08:36.269 [ForkJoinPool-1-worker-4] DEBUG oshi.util.FileUtil -- Reading file /sys/devices/system/cpu/cpu4/cache/index3/type
10:08:36.269 [ForkJoinPool-1-worker-4] DEBUG oshi.util.FileUtil -- Reading file /sys/devices/system/cpu/cpu4/cache/index3/ways_of_associativity
10:08:36.269 [ForkJoinPool-1-worker-4] DEBUG oshi.util.FileUtil -- Reading file /sys/devices/system/cpu/cpu4/cache/index3/ways_of_associativity
10:08:36.269 [ForkJoinPool-1-worker-4] DEBUG oshi.util.FileUtil -- Reading file /sys/devices/system/cpu/cpu4/cache/index3/coherency_line_size
10:08:36.269 [ForkJoinPool-1-worker-4] DEBUG oshi.util.FileUtil -- Reading file /sys/devices/system/cpu/cpu4/cache/index3/coherency_line_size
10:08:36.269 [ForkJoinPool-1-worker-4] DEBUG oshi.util.FileUtil -- Reading file /sys/devices/system/cpu/cpu4/cache/index3/size
10:08:36.269 [ForkJoinPool-1-worker-4] DEBUG oshi.util.FileUtil -- Reading file /sys/devices/system/cpu/cpu4/cache/index3/size
10:08:36.269 [ForkJoinPool-1-worker-4] DEBUG oshi.util.FileUtil -- Reading file /sys/devices/system/cpu/cpu4/cache/index1/level
10:08:36.269 [ForkJoinPool-1-worker-4] DEBUG oshi.util.FileUtil -- Reading file /sys/devices/system/cpu/cpu4/cache/index1/level
10:08:36.269 [ForkJoinPool-1-worker-4] DEBUG oshi.util.FileUtil -- Reading file /sys/devices/system/cpu/cpu4/cache/index1/type
10:08:36.269 [ForkJoinPool-1-worker-4] DEBUG oshi.util.FileUtil -- Reading file /sys/devices/system/cpu/cpu4/cache/index1/type
10:08:36.270 [ForkJoinPool-1-worker-4] DEBUG oshi.util.FileUtil -- Reading file /sys/devices/system/cpu/cpu4/cache/index1/ways_of_associativity
10:08:36.270 [ForkJoinPool-1-worker-4] DEBUG oshi.util.FileUtil -- Reading file /sys/devices/system/cpu/cpu4/cache/index1/ways_of_associativity
10:08:36.270 [ForkJoinPool-1-worker-4] DEBUG oshi.util.FileUtil -- Reading file /sys/devices/system/cpu/cpu4/cache/index1/coherency_line_size
10:08:36.270 [ForkJoinPool-1-worker-4] DEBUG oshi.util.FileUtil -- Reading file /sys/devices/system/cpu/cpu4/cache/index1/coherency_line_size
10:08:36.270 [ForkJoinPool-1-worker-4] DEBUG oshi.util.FileUtil -- Reading file /sys/devices/system/cpu/cpu4/cache/index1/size
10:08:36.270 [ForkJoinPool-1-worker-4] DEBUG oshi.util.FileUtil -- Reading file /sys/devices/system/cpu/cpu4/cache/index1/size
10:08:36.270 [ForkJoinPool-1-worker-4] DEBUG oshi.util.FileUtil -- Reading file /sys/devices/system/cpu/cpu5/topology/core_id
10:08:36.270 [ForkJoinPool-1-worker-4] DEBUG oshi.util.FileUtil -- Reading file /sys/devices/system/cpu/cpu5/topology/core_id
10:08:36.270 [ForkJoinPool-1-worker-4] DEBUG oshi.util.FileUtil -- Reading file /sys/devices/system/cpu/cpu5/topology/physical_package_id
10:08:36.270 [ForkJoinPool-1-worker-4] DEBUG oshi.util.FileUtil -- Reading file /sys/devices/system/cpu/cpu5/topology/physical_package_id
10:08:36.270 [ForkJoinPool-1-worker-4] DEBUG oshi.util.FileUtil -- Reading file /sys/devices/system/cpu/cpu5/cpu_capacity
10:08:36.270 [ForkJoinPool-1-worker-4] DEBUG oshi.util.FileUtil -- Reading file /sys/devices/system/cpu/cpu5/cache/index2/level
10:08:36.270 [ForkJoinPool-1-worker-4] DEBUG oshi.util.FileUtil -- Reading file /sys/devices/system/cpu/cpu5/cache/index2/level
10:08:36.270 [ForkJoinPool-1-worker-4] DEBUG oshi.util.FileUtil -- Reading file /sys/devices/system/cpu/cpu5/cache/index2/type
10:08:36.270 [ForkJoinPool-1-worker-4] DEBUG oshi.util.FileUtil -- Reading file /sys/devices/system/cpu/cpu5/cache/index2/type
10:08:36.271 [ForkJoinPool-1-worker-4] DEBUG oshi.util.FileUtil -- Reading file /sys/devices/system/cpu/cpu5/cache/index2/ways_of_associativity
10:08:36.271 [ForkJoinPool-1-worker-4] DEBUG oshi.util.FileUtil -- Reading file /sys/devices/system/cpu/cpu5/cache/index2/ways_of_associativity
10:08:36.271 [ForkJoinPool-1-worker-4] DEBUG oshi.util.FileUtil -- Reading file /sys/devices/system/cpu/cpu5/cache/index2/coherency_line_size
10:08:36.271 [ForkJoinPool-1-worker-4] DEBUG oshi.util.FileUtil -- Reading file /sys/devices/system/cpu/cpu5/cache/index2/coherency_line_size
10:08:36.271 [ForkJoinPool-1-worker-4] DEBUG oshi.util.FileUtil -- Reading file /sys/devices/system/cpu/cpu5/cache/index2/size
10:08:36.271 [ForkJoinPool-1-worker-4] DEBUG oshi.util.FileUtil -- Reading file /sys/devices/system/cpu/cpu5/cache/index2/size
10:08:36.271 [ForkJoinPool-1-worker-4] DEBUG oshi.util.FileUtil -- Reading file /sys/devices/system/cpu/cpu5/cache/index0/level
10:08:36.271 [ForkJoinPool-1-worker-4] DEBUG oshi.util.FileUtil -- Reading file /sys/devices/system/cpu/cpu5/cache/index0/level
10:08:36.271 [ForkJoinPool-1-worker-4] DEBUG oshi.util.FileUtil -- Reading file /sys/devices/system/cpu/cpu5/cache/index0/type
10:08:36.271 [ForkJoinPool-1-worker-4] DEBUG oshi.util.FileUtil -- Reading file /sys/devices/system/cpu/cpu5/cache/index0/type
10:08:36.271 [ForkJoinPool-1-worker-4] DEBUG oshi.util.FileUtil -- Reading file /sys/devices/system/cpu/cpu5/cache/index0/ways_of_associativity
10:08:36.271 [ForkJoinPool-1-worker-4] DEBUG oshi.util.FileUtil -- Reading file /sys/devices/system/cpu/cpu5/cache/index0/ways_of_associativity
10:08:36.271 [ForkJoinPool-1-worker-4] DEBUG oshi.util.FileUtil -- Reading file /sys/devices/system/cpu/cpu5/cache/index0/coherency_line_size
10:08:36.271 [ForkJoinPool-1-worker-4] DEBUG oshi.util.FileUtil -- Reading file /sys/devices/system/cpu/cpu5/cache/index0/coherency_line_size
10:08:36.272 [ForkJoinPool-1-worker-4] DEBUG oshi.util.FileUtil -- Reading file /sys/devices/system/cpu/cpu5/cache/index0/size
10:08:36.272 [ForkJoinPool-1-worker-4] DEBUG oshi.util.FileUtil -- Reading file /sys/devices/system/cpu/cpu5/cache/index0/size
10:08:36.272 [ForkJoinPool-1-worker-4] DEBUG oshi.util.FileUtil -- Reading file /sys/devices/system/cpu/cpu5/cache/index3/level
10:08:36.272 [ForkJoinPool-1-worker-4] DEBUG oshi.util.FileUtil -- Reading file /sys/devices/system/cpu/cpu5/cache/index3/level
10:08:36.272 [ForkJoinPool-1-worker-4] DEBUG oshi.util.FileUtil -- Reading file /sys/devices/system/cpu/cpu5/cache/index3/type
10:08:36.272 [ForkJoinPool-1-worker-4] DEBUG oshi.util.FileUtil -- Reading file /sys/devices/system/cpu/cpu5/cache/index3/type
10:08:36.272 [ForkJoinPool-1-worker-4] DEBUG oshi.util.FileUtil -- Reading file /sys/devices/system/cpu/cpu5/cache/index3/ways_of_associativity
10:08:36.272 [ForkJoinPool-1-worker-4] DEBUG oshi.util.FileUtil -- Reading file /sys/devices/system/cpu/cpu5/cache/index3/ways_of_associativity
10:08:36.272 [ForkJoinPool-1-worker-4] DEBUG oshi.util.FileUtil -- Reading file /sys/devices/system/cpu/cpu5/cache/index3/coherency_line_size
10:08:36.272 [ForkJoinPool-1-worker-4] DEBUG oshi.util.FileUtil -- Reading file /sys/devices/system/cpu/cpu5/cache/index3/coherency_line_size
10:08:36.272 [ForkJoinPool-1-worker-4] DEBUG oshi.util.FileUtil -- Reading file /sys/devices/system/cpu/cpu5/cache/index3/size
10:08:36.272 [ForkJoinPool-1-worker-4] DEBUG oshi.util.FileUtil -- Reading file /sys/devices/system/cpu/cpu5/cache/index3/size
10:08:36.272 [ForkJoinPool-1-worker-4] DEBUG oshi.util.FileUtil -- Reading file /sys/devices/system/cpu/cpu5/cache/index1/level
10:08:36.272 [ForkJoinPool-1-worker-4] DEBUG oshi.util.FileUtil -- Reading file /sys/devices/system/cpu/cpu5/cache/index1/level
10:08:36.272 [ForkJoinPool-1-worker-4] DEBUG oshi.util.FileUtil -- Reading file /sys/devices/system/cpu/cpu5/cache/index1/type
10:08:36.272 [ForkJoinPool-1-worker-4] DEBUG oshi.util.FileUtil -- Reading file /sys/devices/system/cpu/cpu5/cache/index1/type
10:08:36.272 [ForkJoinPool-1-worker-4] DEBUG oshi.util.FileUtil -- Reading file /sys/devices/system/cpu/cpu5/cache/index1/ways_of_associativity
10:08:36.272 [ForkJoinPool-1-worker-4] DEBUG oshi.util.FileUtil -- Reading file /sys/devices/system/cpu/cpu5/cache/index1/ways_of_associativity
10:08:36.272 [ForkJoinPool-1-worker-4] DEBUG oshi.util.FileUtil -- Reading file /sys/devices/system/cpu/cpu5/cache/index1/coherency_line_size
10:08:36.272 [ForkJoinPool-1-worker-4] DEBUG oshi.util.FileUtil -- Reading file /sys/devices/system/cpu/cpu5/cache/index1/coherency_line_size
10:08:36.273 [ForkJoinPool-1-worker-4] DEBUG oshi.util.FileUtil -- Reading file /sys/devices/system/cpu/cpu5/cache/index1/size
10:08:36.273 [ForkJoinPool-1-worker-4] DEBUG oshi.util.FileUtil -- Reading file /sys/devices/system/cpu/cpu5/cache/index1/size
10:08:36.273 [ForkJoinPool-1-worker-4] DEBUG oshi.util.FileUtil -- Reading file /sys/devices/system/cpu/cpu6/topology/core_id
10:08:36.273 [ForkJoinPool-1-worker-4] DEBUG oshi.util.FileUtil -- Reading file /sys/devices/system/cpu/cpu6/topology/core_id
10:08:36.273 [ForkJoinPool-1-worker-4] DEBUG oshi.util.FileUtil -- Reading file /sys/devices/system/cpu/cpu6/topology/physical_package_id
10:08:36.273 [ForkJoinPool-1-worker-4] DEBUG oshi.util.FileUtil -- Reading file /sys/devices/system/cpu/cpu6/topology/physical_package_id
10:08:36.273 [ForkJoinPool-1-worker-4] DEBUG oshi.util.FileUtil -- Reading file /sys/devices/system/cpu/cpu6/cpu_capacity
10:08:36.273 [ForkJoinPool-1-worker-4] DEBUG oshi.util.FileUtil -- Reading file /sys/devices/system/cpu/cpu6/cache/index2/level
10:08:36.273 [ForkJoinPool-1-worker-4] DEBUG oshi.util.FileUtil -- Reading file /sys/devices/system/cpu/cpu6/cache/index2/level
10:08:36.273 [ForkJoinPool-1-worker-4] DEBUG oshi.util.FileUtil -- Reading file /sys/devices/system/cpu/cpu6/cache/index2/type
10:08:36.273 [ForkJoinPool-1-worker-4] DEBUG oshi.util.FileUtil -- Reading file /sys/devices/system/cpu/cpu6/cache/index2/type
10:08:36.273 [ForkJoinPool-1-worker-4] DEBUG oshi.util.FileUtil -- Reading file /sys/devices/system/cpu/cpu6/cache/index2/ways_of_associativity
10:08:36.273 [ForkJoinPool-1-worker-4] DEBUG oshi.util.FileUtil -- Reading file /sys/devices/system/cpu/cpu6/cache/index2/ways_of_associativity
10:08:36.273 [ForkJoinPool-1-worker-4] DEBUG oshi.util.FileUtil -- Reading file /sys/devices/system/cpu/cpu6/cache/index2/coherency_line_size
10:08:36.273 [ForkJoinPool-1-worker-4] DEBUG oshi.util.FileUtil -- Reading file /sys/devices/system/cpu/cpu6/cache/index2/coherency_line_size
10:08:36.273 [ForkJoinPool-1-worker-4] DEBUG oshi.util.FileUtil -- Reading file /sys/devices/system/cpu/cpu6/cache/index2/size
10:08:36.273 [ForkJoinPool-1-worker-4] DEBUG oshi.util.FileUtil -- Reading file /sys/devices/system/cpu/cpu6/cache/index2/size
10:08:36.274 [ForkJoinPool-1-worker-4] DEBUG oshi.util.FileUtil -- Reading file /sys/devices/system/cpu/cpu6/cache/index0/level
10:08:36.274 [ForkJoinPool-1-worker-4] DEBUG oshi.util.FileUtil -- Reading file /sys/devices/system/cpu/cpu6/cache/index0/level
10:08:36.274 [ForkJoinPool-1-worker-4] DEBUG oshi.util.FileUtil -- Reading file /sys/devices/system/cpu/cpu6/cache/index0/type
10:08:36.274 [ForkJoinPool-1-worker-4] DEBUG oshi.util.FileUtil -- Reading file /sys/devices/system/cpu/cpu6/cache/index0/type
10:08:36.274 [ForkJoinPool-1-worker-4] DEBUG oshi.util.FileUtil -- Reading file /sys/devices/system/cpu/cpu6/cache/index0/ways_of_associativity
10:08:36.274 [ForkJoinPool-1-worker-4] DEBUG oshi.util.FileUtil -- Reading file /sys/devices/system/cpu/cpu6/cache/index0/ways_of_associativity
10:08:36.274 [ForkJoinPool-1-worker-4] DEBUG oshi.util.FileUtil -- Reading file /sys/devices/system/cpu/cpu6/cache/index0/coherency_line_size
10:08:36.274 [ForkJoinPool-1-worker-4] DEBUG oshi.util.FileUtil -- Reading file /sys/devices/system/cpu/cpu6/cache/index0/coherency_line_size
10:08:36.274 [ForkJoinPool-1-worker-4] DEBUG oshi.util.FileUtil -- Reading file /sys/devices/system/cpu/cpu6/cache/index0/size
10:08:36.274 [ForkJoinPool-1-worker-4] DEBUG oshi.util.FileUtil -- Reading file /sys/devices/system/cpu/cpu6/cache/index0/size
10:08:36.274 [ForkJoinPool-1-worker-4] DEBUG oshi.util.FileUtil -- Reading file /sys/devices/system/cpu/cpu6/cache/index3/level
10:08:36.274 [ForkJoinPool-1-worker-4] DEBUG oshi.util.FileUtil -- Reading file /sys/devices/system/cpu/cpu6/cache/index3/level
10:08:36.274 [ForkJoinPool-1-worker-4] DEBUG oshi.util.FileUtil -- Reading file /sys/devices/system/cpu/cpu6/cache/index3/type
10:08:36.274 [ForkJoinPool-1-worker-4] DEBUG oshi.util.FileUtil -- Reading file /sys/devices/system/cpu/cpu6/cache/index3/type
10:08:36.274 [ForkJoinPool-1-worker-4] DEBUG oshi.util.FileUtil -- Reading file /sys/devices/system/cpu/cpu6/cache/index3/ways_of_associativity
10:08:36.274 [ForkJoinPool-1-worker-4] DEBUG oshi.util.FileUtil -- Reading file /sys/devices/system/cpu/cpu6/cache/index3/ways_of_associativity
10:08:36.274 [ForkJoinPool-1-worker-4] DEBUG oshi.util.FileUtil -- Reading file /sys/devices/system/cpu/cpu6/cache/index3/coherency_line_size
10:08:36.274 [ForkJoinPool-1-worker-4] DEBUG oshi.util.FileUtil -- Reading file /sys/devices/system/cpu/cpu6/cache/index3/coherency_line_size
10:08:36.274 [ForkJoinPool-1-worker-4] DEBUG oshi.util.FileUtil -- Reading file /sys/devices/system/cpu/cpu6/cache/index3/size
10:08:36.274 [ForkJoinPool-1-worker-4] DEBUG oshi.util.FileUtil -- Reading file /sys/devices/system/cpu/cpu6/cache/index3/size
10:08:36.274 [ForkJoinPool-1-worker-4] DEBUG oshi.util.FileUtil -- Reading file /sys/devices/system/cpu/cpu6/cache/index1/level
10:08:36.274 [ForkJoinPool-1-worker-4] DEBUG oshi.util.FileUtil -- Reading file /sys/devices/system/cpu/cpu6/cache/index1/level
10:08:36.274 [ForkJoinPool-1-worker-4] DEBUG oshi.util.FileUtil -- Reading file /sys/devices/system/cpu/cpu6/cache/index1/type
10:08:36.274 [ForkJoinPool-1-worker-4] DEBUG oshi.util.FileUtil -- Reading file /sys/devices/system/cpu/cpu6/cache/index1/type
10:08:36.274 [ForkJoinPool-1-worker-4] DEBUG oshi.util.FileUtil -- Reading file /sys/devices/system/cpu/cpu6/cache/index1/ways_of_associativity
10:08:36.274 [ForkJoinPool-1-worker-4] DEBUG oshi.util.FileUtil -- Reading file /sys/devices/system/cpu/cpu6/cache/index1/ways_of_associativity
10:08:36.274 [ForkJoinPool-1-worker-4] DEBUG oshi.util.FileUtil -- Reading file /sys/devices/system/cpu/cpu6/cache/index1/coherency_line_size
10:08:36.274 [ForkJoinPool-1-worker-4] DEBUG oshi.util.FileUtil -- Reading file /sys/devices/system/cpu/cpu6/cache/index1/coherency_line_size
10:08:36.274 [ForkJoinPool-1-worker-4] DEBUG oshi.util.FileUtil -- Reading file /sys/devices/system/cpu/cpu6/cache/index1/size
10:08:36.274 [ForkJoinPool-1-worker-4] DEBUG oshi.util.FileUtil -- Reading file /sys/devices/system/cpu/cpu6/cache/index1/size
10:08:36.275 [ForkJoinPool-1-worker-4] DEBUG oshi.util.FileUtil -- Reading file /sys/devices/system/cpu/cpu7/topology/core_id
10:08:36.275 [ForkJoinPool-1-worker-4] DEBUG oshi.util.FileUtil -- Reading file /sys/devices/system/cpu/cpu7/topology/core_id
10:08:36.275 [ForkJoinPool-1-worker-4] DEBUG oshi.util.FileUtil -- Reading file /sys/devices/system/cpu/cpu7/topology/physical_package_id
10:08:36.275 [ForkJoinPool-1-worker-4] DEBUG oshi.util.FileUtil -- Reading file /sys/devices/system/cpu/cpu7/topology/physical_package_id
[...]
10:08:36.279 [ForkJoinPool-1-worker-4] DEBUG oshi.util.FileUtil -- Reading file /sys/devices/system/cpu/cpu8/cache/index1/coherency_line_size
10:08:36.279 [ForkJoinPool-1-worker-4] DEBUG oshi.util.FileUtil -- Reading file /sys/devices/system/cpu/cpu8/cache/index1/coherency_line_size
10:08:36.279 [ForkJoinPool-1-worker-4] DEBUG oshi.util.FileUtil -- Reading file /sys/devices/system/cpu/cpu8/cache/index1/size
10:08:36.279 [ForkJoinPool-1-worker-4] DEBUG oshi.util.FileUtil -- Reading file /sys/devices/system/cpu/cpu8/cache/index1/size
10:08:36.279 [ForkJoinPool-1-worker-4] DEBUG oshi.util.FileUtil -- Reading file /sys/devices/system/cpu/cpu9/topology/core_id
10:08:36.279 [ForkJoinPool-1-worker-4] DEBUG oshi.util.FileUtil -- Reading file /sys/devices/system/cpu/cpu9/topology/core_id
10:08:36.279 [ForkJoinPool-1-worker-4] DEBUG oshi.util.FileUtil -- Reading file /sys/devices/system/cpu/cpu9/topology/physical_package_id
10:08:36.279 [ForkJoinPool-1-worker-4] DEBUG oshi.util.FileUtil -- Reading file /sys/devices/system/cpu/cpu9/topology/physical_package_id
10:08:36.279 [ForkJoinPool-1-worker-4] DEBUG oshi.util.FileUtil -- Reading file /sys/devices/system/cpu/cpu9/cpu_capacity
10:08:36.279 [ForkJoinPool-1-worker-4] DEBUG oshi.util.FileUtil -- Reading file /sys/devices/system/cpu/cpu9/cache/index2/level
10:08:36.280 [ForkJoinPool-1-worker-4] DEBUG oshi.util.FileUtil -- Reading file /sys/devices/system/cpu/cpu9/cache/index2/level
10:08:36.280 [ForkJoinPool-1-worker-4] DEBUG oshi.util.FileUtil -- Reading file /sys/devices/system/cpu/cpu9/cache/index2/type
10:08:36.280 [ForkJoinPool-1-worker-4] DEBUG oshi.util.FileUtil -- Reading file /sys/devices/system/cpu/cpu9/cache/index2/type
10:08:36.280 [ForkJoinPool-1-worker-4] DEBUG oshi.util.FileUtil -- Reading file /sys/devices/system/cpu/cpu9/cache/index2/ways_of_associativity
10:08:36.280 [ForkJoinPool-1-worker-4] DEBUG oshi.util.FileUtil -- Reading file /sys/devices/system/cpu/cpu9/cache/index2/ways_of_associativity
10:08:36.280 [ForkJoinPool-1-worker-4] DEBUG oshi.util.FileUtil -- Reading file /sys/devices/system/cpu/cpu9/cache/index2/coherency_line_size
10:08:36.280 [ForkJoinPool-1-worker-4] DEBUG oshi.util.FileUtil -- Reading file /sys/devices/system/cpu/cpu9/cache/index2/coherency_line_size
10:08:36.280 [ForkJoinPool-1-worker-4] DEBUG oshi.util.FileUtil -- Reading file /sys/devices/system/cpu/cpu9/cache/index2/size
10:08:36.280 [ForkJoinPool-1-worker-4] DEBUG oshi.util.FileUtil -- Reading file /sys/devices/system/cpu/cpu9/cache/index2/size
10:08:36.280 [ForkJoinPool-1-worker-4] DEBUG oshi.util.FileUtil -- Reading file /sys/devices/system/cpu/cpu9/cache/index0/level
10:08:36.280 [ForkJoinPool-1-worker-4] DEBUG oshi.util.FileUtil -- Reading file /sys/devices/system/cpu/cpu9/cache/index0/level
10:08:36.280 [ForkJoinPool-1-worker-4] DEBUG oshi.util.FileUtil -- Reading file /sys/devices/system/cpu/cpu9/cache/index0/type
10:08:36.280 [ForkJoinPool-1-worker-4] DEBUG oshi.util.FileUtil -- Reading file /sys/devices/system/cpu/cpu9/cache/index0/type
10:08:36.280 [ForkJoinPool-1-worker-4] DEBUG oshi.util.FileUtil -- Reading file /sys/devices/system/cpu/cpu9/cache/index0/ways_of_associativity
10:08:36.280 [ForkJoinPool-1-worker-4] DEBUG oshi.util.FileUtil -- Reading file /sys/devices/system/cpu/cpu9/cache/index0/ways_of_associativity
10:08:36.280 [ForkJoinPool-1-worker-4] DEBUG oshi.util.FileUtil -- Reading file /sys/devices/system/cpu/cpu9/cache/index0/coherency_line_size
10:08:36.280 [ForkJoinPool-1-worker-4] DEBUG oshi.util.FileUtil -- Reading file /sys/devices/system/cpu/cpu9/cache/index0/coherency_line_size
10:08:36.280 [ForkJoinPool-1-worker-4] DEBUG oshi.util.FileUtil -- Reading file /sys/devices/system/cpu/cpu9/cache/index0/size
10:08:36.280 [ForkJoinPool-1-worker-4] DEBUG oshi.util.FileUtil -- Reading file /sys/devices/system/cpu/cpu9/cache/index0/size
10:08:36.280 [ForkJoinPool-1-worker-4] DEBUG oshi.util.FileUtil -- Reading file /sys/devices/system/cpu/cpu9/cache/index3/level
10:08:36.280 [ForkJoinPool-1-worker-4] DEBUG oshi.util.FileUtil -- Reading file /sys/devices/system/cpu/cpu9/cache/index3/level
10:08:36.280 [ForkJoinPool-1-worker-4] DEBUG oshi.util.FileUtil -- Reading file /sys/devices/system/cpu/cpu9/cache/index3/type
10:08:36.280 [ForkJoinPool-1-worker-4] DEBUG oshi.util.FileUtil -- Reading file /sys/devices/system/cpu/cpu9/cache/index3/type
10:08:36.280 [ForkJoinPool-1-worker-4] DEBUG oshi.util.FileUtil -- Reading file /sys/devices/system/cpu/cpu9/cache/index3/ways_of_associativity
10:08:36.280 [ForkJoinPool-1-worker-4] DEBUG oshi.util.FileUtil -- Reading file /sys/devices/system/cpu/cpu9/cache/index3/ways_of_associativity
10:08:36.280 [ForkJoinPool-1-worker-4] DEBUG oshi.util.FileUtil -- Reading file /sys/devices/system/cpu/cpu9/cache/index3/coherency_line_size
10:08:36.280 [ForkJoinPool-1-worker-4] DEBUG oshi.util.FileUtil -- Reading file /sys/devices/system/cpu/cpu9/cache/index3/coherency_line_size
10:08:36.280 [ForkJoinPool-1-worker-4] DEBUG oshi.util.FileUtil -- Reading file /sys/devices/system/cpu/cpu9/cache/index3/size
10:08:36.280 [ForkJoinPool-1-worker-4] DEBUG oshi.util.FileUtil -- Reading file /sys/devices/system/cpu/cpu9/cache/index3/size
10:08:36.280 [ForkJoinPool-1-worker-4] DEBUG oshi.util.FileUtil -- Reading file /sys/devices/system/cpu/cpu9/cache/index1/level
10:08:36.280 [ForkJoinPool-1-worker-4] DEBUG oshi.util.FileUtil -- Reading file /sys/devices/system/cpu/cpu9/cache/index1/level
10:08:36.280 [ForkJoinPool-1-worker-4] DEBUG oshi.util.FileUtil -- Reading file /sys/devices/system/cpu/cpu9/cache/index1/type
10:08:36.280 [ForkJoinPool-1-worker-4] DEBUG oshi.util.FileUtil -- Reading file /sys/devices/system/cpu/cpu9/cache/index1/type
10:08:36.280 [ForkJoinPool-1-worker-4] DEBUG oshi.util.FileUtil -- Reading file /sys/devices/system/cpu/cpu9/cache/index1/ways_of_associativity
10:08:36.280 [ForkJoinPool-1-worker-4] DEBUG oshi.util.FileUtil -- Reading file /sys/devices/system/cpu/cpu9/cache/index1/ways_of_associativity
10:08:36.281 [ForkJoinPool-1-worker-4] DEBUG oshi.util.FileUtil -- Reading file /sys/devices/system/cpu/cpu9/cache/index1/coherency_line_size
10:08:36.281 [ForkJoinPool-1-worker-4] DEBUG oshi.util.FileUtil -- Reading file /sys/devices/system/cpu/cpu9/cache/index1/coherency_line_size
10:08:36.281 [ForkJoinPool-1-worker-4] DEBUG oshi.util.FileUtil -- Reading file /sys/devices/system/cpu/cpu9/cache/index1/size
10:08:36.281 [ForkJoinPool-1-worker-4] DEBUG oshi.util.FileUtil -- Reading file /sys/devices/system/cpu/cpu9/cache/index1/size
10:08:36.282 [ForkJoinPool-1-worker-4] DEBUG oshi.util.FileUtil -- Reading file /proc/cpuinfo
10:08:36.444 [ForkJoinPool-1-worker-4] DEBUG oshi.util.FileUtil -- Reading file /proc/self/auxv
10:08:36.449 [ForkJoinPool-1-worker-4] DEBUG com.vaadin.pro.licensechecker.LicenseChecker -- Online validation using proKey for Product [name=vaadin-testbench, version=9.0.3]
10:08:36.449 [ForkJoinPool-1-worker-4] DEBUG com.vaadin.pro.licensechecker.LicenseChecker -- No pro key found
10:08:36.449 [ForkJoinPool-1-worker-4] DEBUG com.vaadin.pro.licensechecker.LicenseChecker -- Offline validation using offlineKey for Product [name=vaadin-testbench, version=9.0.3]
10:08:36.449 [ForkJoinPool-1-worker-4] DEBUG com.vaadin.pro.licensechecker.LicenseChecker -- No offline key found
10:08:36.450 [ForkJoinPool-1-worker-4] INFO com.vaadin.pro.licensechecker.LicenseChecker -- Opening system browser to validate license. If the browser is not opened, please open https://vaadin.com/pro/validate-license?connect=b75a7054-4850-4cdd-bde8-acc4cc44413a&productName=vaadin-testbench&productVersion=9.0.3 manually
10:08:36.860 [ForkJoinPool-1-worker-4] INFO com.vaadin.pro.licensechecker.LicenseChecker -- For CI/CD build servers, you need to download a server license key, which can only be used for production builds. You can download a server license key from https://vaadin.com/myaccount/licenses.
If you are working offline in development mode, please visit https://vaadin.com/pro/validate-license?getOfflineKey=mid-ef05ac4a-029003ba for an offline development mode license.
10:08:36.863 [ForkJoinPool-1-worker-4] DEBUG com.vaadin.pro.licensechecker.LicenseChecker -- Polling server for pro key
10:08:38.009 [ForkJoinPool-1-worker-4] DEBUG com.vaadin.pro.licensechecker.LicenseChecker -- Polling server for pro key
10:08:39.001 [ForkJoinPool-1-worker-4] DEBUG com.vaadin.pro.licensechecker.LicenseChecker -- Polling server for pro key
10:08:39.957 [ForkJoinPool-1-worker-4] DEBUG com.vaadin.pro.licensechecker.LicenseChecker -- Polling server for pro key
10:08:40.590 [ForkJoinPool-1-worker-4] DEBUG com.vaadin.pro.licensechecker.LicenseChecker -- Polling server for pro key
10:08:41.229 [ForkJoinPool-1-worker-4] DEBUG com.vaadin.pro.licensechecker.LicenseChecker -- Polling server for pro key
10:08:41.867 [ForkJoinPool-1-worker-4] DEBUG com.vaadin.pro.licensechecker.LicenseChecker -- Polling server for pro key
10:08:42.502 [ForkJoinPool-1-worker-4] DEBUG com.vaadin.pro.licensechecker.LicenseChecker -- Polling server for pro key
10:08:43.135 [ForkJoinPool-1-worker-4] DEBUG com.vaadin.pro.licensechecker.LicenseChecker -- Polling server for pro key
10:08:43.772 [ForkJoinPool-1-worker-4] DEBUG com.vaadin.pro.licensechecker.LicenseChecker -- Polling server for pro key
10:08:44.414 [ForkJoinPool-1-worker-4] DEBUG com.vaadin.pro.licensechecker.LicenseChecker -- Polling server for pro key
10:08:45.059 [ForkJoinPool-1-worker-4] DEBUG com.vaadin.pro.licensechecker.LicenseChecker -- Polling server for pro key
10:08:45.690 [ForkJoinPool-1-worker-4] DEBUG com.vaadin.pro.licensechecker.LicenseChecker -- Polling server for pro key
10:08:46.331 [ForkJoinPool-1-worker-4] DEBUG com.vaadin.pro.licensechecker.LicenseChecker -- Polling server for pro key
10:08:46.969 [ForkJoinPool-1-worker-4] DEBUG com.vaadin.pro.licensechecker.LicenseChecker -- Polling server for pro key
10:08:47.608 [ForkJoinPool-1-worker-4] DEBUG com.vaadin.pro.licensechecker.LicenseChecker -- Polling server for pro key
10:08:48.247 [ForkJoinPool-1-worker-4] DEBUG com.vaadin.pro.licensechecker.LicenseChecker -- Polling server for pro key
10:08:48.887 [ForkJoinPool-1-worker-4] DEBUG com.vaadin.pro.licensechecker.LicenseChecker -- Polling server for pro key
10:08:49.524 [ForkJoinPool-1-worker-4] DEBUG com.vaadin.pro.licensechecker.LicenseChecker -- Polling server for pro key
10:08:50.199 [ForkJoinPool-1-worker-4] DEBUG com.vaadin.pro.licensechecker.LicenseChecker -- Polling server for pro key
10:08:50.844 [ForkJoinPool-1-worker-4] DEBUG com.vaadin.pro.licensechecker.LicenseChecker -- Polling server for pro key
10:08:51.483 [ForkJoinPool-1-worker-4] DEBUG com.vaadin.pro.licensechecker.LicenseChecker -- Polling server for pro key
10:08:52.115 [ForkJoinPool-1-worker-4] DEBUG com.vaadin.pro.licensechecker.LicenseChecker -- Polling server for pro key
10:08:52.756 [ForkJoinPool-1-worker-4] DEBUG com.vaadin.pro.licensechecker.LicenseChecker -- Polling server for pro key
10:08:53.399 [ForkJoinPool-1-worker-4] DEBUG com.vaadin.pro.licensechecker.LicenseChecker -- Polling server for pro key
10:08:54.040 [ForkJoinPool-1-worker-4] DEBUG com.vaadin.pro.licensechecker.LicenseChecker -- Polling server for pro key
10:08:54.680 [ForkJoinPool-1-worker-4] DEBUG com.vaadin.pro.licensechecker.LicenseChecker -- Polling server for pro key
10:08:55.313 [ForkJoinPool-1-worker-4] DEBUG com.vaadin.pro.licensechecker.LicenseChecker -- Polling server for pro key
10:08:55.950 [ForkJoinPool-1-worker-4] DEBUG com.vaadin.pro.licensechecker.LicenseChecker -- Polling server for pro key
10:08:56.594 [ForkJoinPool-1-worker-4] DEBUG com.vaadin.pro.licensechecker.LicenseChecker -- Polling server for pro key
10:08:57.239 [ForkJoinPool-1-worker-4] DEBUG com.vaadin.pro.licensechecker.LicenseChecker -- Polling server for pro key
10:08:57.872 [ForkJoinPool-1-worker-4] DEBUG com.vaadin.pro.licensechecker.LicenseChecker -- Polling server for pro key
10:08:58.515 [ForkJoinPool-1-worker-4] DEBUG com.vaadin.pro.licensechecker.LicenseChecker -- Polling server for pro key
10:08:59.199 [ForkJoinPool-1-worker-4] DEBUG com.vaadin.pro.licensechecker.LicenseChecker -- Polling server for pro key
10:08:59.873 [ForkJoinPool-1-worker-4] DEBUG com.vaadin.pro.licensechecker.LicenseChecker -- Polling server for pro key
10:09:00.506 [ForkJoinPool-1-worker-4] DEBUG com.vaadin.pro.licensechecker.LicenseChecker -- Polling server for pro key
10:09:01.147 [ForkJoinPool-1-worker-4] DEBUG com.vaadin.pro.licensechecker.LicenseChecker -- Polling server for pro key
10:09:01.830 [ForkJoinPool-1-worker-4] DEBUG com.vaadin.pro.licensechecker.LicenseChecker -- Polling server for pro key
10:09:02.466 [ForkJoinPool-1-worker-4] DEBUG com.vaadin.pro.licensechecker.LicenseChecker -- Polling server for pro key
10:09:03.099 [ForkJoinPool-1-worker-4] DEBUG com.vaadin.pro.licensechecker.LicenseChecker -- Polling server for pro key
10:09:03.733 [ForkJoinPool-1-worker-4] DEBUG com.vaadin.pro.licensechecker.LicenseChecker -- Polling server for pro key
10:09:04.371 [ForkJoinPool-1-worker-4] DEBUG com.vaadin.pro.licensechecker.LicenseChecker -- Polling server for pro key
10:09:05.006 [ForkJoinPool-1-worker-4] DEBUG com.vaadin.pro.licensechecker.LicenseChecker -- Polling server for pro key
10:09:05.644 [ForkJoinPool-1-worker-4] DEBUG com.vaadin.pro.licensechecker.LicenseChecker -- Polling server for pro key
10:09:06.288 [ForkJoinPool-1-worker-4] DEBUG com.vaadin.pro.licensechecker.LicenseChecker -- Polling server for pro key
10:09:06.924 [ForkJoinPool-1-worker-4] DEBUG com.vaadin.pro.licensechecker.LicenseChecker -- Polling server for pro key
10:09:07.555 [ForkJoinPool-1-worker-4] DEBUG com.vaadin.pro.licensechecker.LicenseChecker -- Polling server for pro key
10:09:08.205 [ForkJoinPool-1-worker-4] DEBUG com.vaadin.pro.licensechecker.LicenseChecker -- Polling server for pro key
10:09:08.881 [ForkJoinPool-1-worker-4] DEBUG com.vaadin.pro.licensechecker.LicenseChecker -- Polling server for pro key
10:09:09.515 [ForkJoinPool-1-worker-4] DEBUG com.vaadin.pro.licensechecker.LicenseChecker -- Polling server for pro key
10:09:10.153 [ForkJoinPool-1-worker-4] DEBUG com.vaadin.pro.licensechecker.LicenseChecker -- Polling server for pro key
10:09:10.789 [ForkJoinPool-1-worker-4] DEBUG com.vaadin.pro.licensechecker.LicenseChecker -- Polling server for pro key
10:09:11.421 [ForkJoinPool-1-worker-4] DEBUG com.vaadin.pro.licensechecker.LicenseChecker -- Polling server for pro key
10:09:12.061 [ForkJoinPool-1-worker-4] DEBUG com.vaadin.pro.licensechecker.LicenseChecker -- Polling server for pro key
10:09:12.697 [ForkJoinPool-1-worker-4] DEBUG com.vaadin.pro.licensechecker.LicenseChecker -- Polling server for pro key
10:09:13.328 [ForkJoinPool-1-worker-4] DEBUG com.vaadin.pro.licensechecker.LicenseChecker -- Polling server for pro key
10:09:13.966 [ForkJoinPool-1-worker-4] DEBUG com.vaadin.pro.licensechecker.LicenseChecker -- Polling server for pro key
10:09:14.602 [ForkJoinPool-1-worker-4] DEBUG com.vaadin.pro.licensechecker.LicenseChecker -- Polling server for pro key
10:09:15.234 [ForkJoinPool-1-worker-4] DEBUG com.vaadin.pro.licensechecker.LicenseChecker -- Polling server for pro key
10:09:15.870 [ForkJoinPool-1-worker-4] DEBUG com.vaadin.pro.licensechecker.LicenseChecker -- Polling server for pro key
10:09:16.509 [ForkJoinPool-1-worker-4] DEBUG com.vaadin.pro.licensechecker.LicenseChecker -- Polling server for pro key
10:09:17.144 [ForkJoinPool-1-worker-4] DEBUG com.vaadin.pro.licensechecker.LicenseChecker -- Polling server for pro key
10:09:17.775 [ForkJoinPool-1-worker-4] DEBUG com.vaadin.pro.licensechecker.LicenseChecker -- Polling server for pro key
10:09:18.418 [ForkJoinPool-1-worker-4] DEBUG com.vaadin.pro.licensechecker.LicenseChecker -- Polling server for pro key
10:09:19.068 [ForkJoinPool-1-worker-4] DEBUG com.vaadin.pro.licensechecker.LicenseChecker -- Polling server for pro key
10:09:19.703 [ForkJoinPool-1-worker-4] DEBUG com.vaadin.pro.licensechecker.LicenseChecker -- Polling server for pro key
10:09:20.341 [ForkJoinPool-1-worker-4] DEBUG com.vaadin.pro.licensechecker.LicenseChecker -- Polling server for pro key
10:09:20.971 [ForkJoinPool-1-worker-4] DEBUG com.vaadin.pro.licensechecker.LicenseChecker -- Polling server for pro key
10:09:21.607 [ForkJoinPool-1-worker-4] DEBUG com.vaadin.pro.licensechecker.LicenseChecker -- Polling server for pro key
10:09:22.295 [ForkJoinPool-1-worker-4] DEBUG com.vaadin.pro.licensechecker.LicenseChecker -- Polling server for pro key
10:09:22.928 [ForkJoinPool-1-worker-4] DEBUG com.vaadin.pro.licensechecker.LicenseChecker -- Polling server for pro key
10:09:23.559 [ForkJoinPool-1-worker-4] DEBUG com.vaadin.pro.licensechecker.LicenseChecker -- Polling server for pro key
10:09:24.193 [ForkJoinPool-1-worker-4] DEBUG com.vaadin.pro.licensechecker.LicenseChecker -- Polling server for pro key
10:09:24.828 [ForkJoinPool-1-worker-4] DEBUG com.vaadin.pro.licensechecker.LicenseChecker -- Polling server for pro key
10:09:25.462 [ForkJoinPool-1-worker-4] DEBUG com.vaadin.pro.licensechecker.LicenseChecker -- Polling server for pro key
10:09:26.096 [ForkJoinPool-1-worker-4] DEBUG com.vaadin.pro.licensechecker.LicenseChecker -- Polling server for pro key
10:09:26.730 [ForkJoinPool-1-worker-4] DEBUG com.vaadin.pro.licensechecker.LicenseChecker -- Polling server for pro key
10:09:27.366 [ForkJoinPool-1-worker-4] DEBUG com.vaadin.pro.licensechecker.LicenseChecker -- Polling server for pro key
10:09:28.002 [ForkJoinPool-1-worker-4] DEBUG com.vaadin.pro.licensechecker.LicenseChecker -- Polling server for pro key
10:09:28.632 [ForkJoinPool-1-worker-4] DEBUG com.vaadin.pro.licensechecker.LicenseChecker -- Polling server for pro key
10:09:29.310 [ForkJoinPool-1-worker-4] DEBUG com.vaadin.pro.licensechecker.LicenseChecker -- Polling server for pro key
10:09:29.948 [ForkJoinPool-1-worker-4] DEBUG com.vaadin.pro.licensechecker.LicenseChecker -- Polling server for pro key
10:09:30.582 [ForkJoinPool-1-worker-4] DEBUG com.vaadin.pro.licensechecker.LicenseChecker -- Polling server for pro key
10:09:31.239 [ForkJoinPool-1-worker-4] DEBUG com.vaadin.pro.licensechecker.LicenseChecker -- Polling server for pro key
10:09:31.888 [ForkJoinPool-1-worker-4] DEBUG com.vaadin.pro.licensechecker.LicenseChecker -- Polling server for pro key
10:09:32.530 [ForkJoinPool-1-worker-4] DEBUG com.vaadin.pro.licensechecker.LicenseChecker -- Polling server for pro key
10:09:33.173 [ForkJoinPool-1-worker-4] DEBUG com.vaadin.pro.licensechecker.LicenseChecker -- Polling server for pro key
10:09:33.809 [ForkJoinPool-1-worker-4] DEBUG com.vaadin.pro.licensechecker.LicenseChecker -- Polling server for pro key
10:09:34.452 [ForkJoinPool-1-worker-4] DEBUG com.vaadin.pro.licensechecker.LicenseChecker -- Polling server for pro key
10:09:35.094 [ForkJoinPool-1-worker-4] DEBUG com.vaadin.pro.licensechecker.LicenseChecker -- Polling server for pro key
10:09:35.728 [ForkJoinPool-1-worker-4] DEBUG com.vaadin.pro.licensechecker.LicenseChecker -- Polling server for pro key
10:09:36.361 [ForkJoinPool-1-worker-4] DEBUG com.vaadin.pro.licensechecker.LicenseChecker -- Polling server for pro key
]]></system-out>
  </testcase>
  <testcase name="loginAsValidUserSucceeds[1]" classname="com.example.application.it.LoginE2ETest" time="0.005">
    <error type="java.lang.ExceptionInInitializerError">java.lang.ExceptionInInitializerError
Caused by: com.vaadin.pro.licensechecker.LicenseException: 
Unable to validate the license, please check your internet connection. If you need to work offline then please go to https://vaadin.com/pro/validate-license?getOfflineKey=mid-ef05ac4a-029003ba to retrieve an offline key.
For CI/CD build servers, you need to download a server license key, which can work offline to create production builds. You can download a server license key from https://vaadin.com/myaccount/licenses.
For troubleshooting steps, see https://vaadin.com/licensing-faq-and-troubleshooting.
</error>
  </testcase>
</testsuite>